2018-10-16 14:41:00,882:INFO:ExperimentFactory:/Users/Luca/Documents/Università/Magistrale/Secondo_anno/Green_Lab/android-runner/example/web/config.json
2018-10-16 14:41:00,945:DEBUG:ExperimentRunner.Adb:Device list:
{0: 'KYVKK16119600056'}
2018-10-16 14:41:00,965:DEBUG:Android:Initialized
2018-10-16 14:41:01,118:DEBUG:Trepn:Initialized
2018-10-16 14:41:01,138:DEBUG:Python2:Imported /Users/Luca/Documents/Università/Magistrale/Secondo_anno/Green_Lab/android-runner/example/web/before_experiment.py
2018-10-16 14:41:01,139:DEBUG:Python2:Imported /Users/Luca/Documents/Università/Magistrale/Secondo_anno/Green_Lab/android-runner/example/web/before_run.py
2018-10-16 14:41:01,140:DEBUG:Python2:Imported /Users/Luca/Documents/Università/Magistrale/Secondo_anno/Green_Lab/android-runner/example/web/after_launch.py
2018-10-16 14:41:01,145:DEBUG:Python2:Imported /Users/Luca/Documents/Università/Magistrale/Secondo_anno/Green_Lab/android-runner/example/web/adb.py
2018-10-16 14:41:01,146:DEBUG:Python2:Imported /Users/Luca/Documents/Università/Magistrale/Secondo_anno/Green_Lab/android-runner/example/web/before_close.py
2018-10-16 14:41:01,147:DEBUG:Python2:Imported /Users/Luca/Documents/Università/Magistrale/Secondo_anno/Green_Lab/android-runner/example/web/after_run.py
2018-10-16 14:41:01,147:DEBUG:Python2:Imported /Users/Luca/Documents/Università/Magistrale/Secondo_anno/Green_Lab/android-runner/example/web/after_experiment.py
2018-10-16 14:41:01,149:DEBUG:Python2:Imported /Users/Luca/Documents/Università/Magistrale/Secondo_anno/Green_Lab/android-runner/example/web/aggregation.py
2018-10-16 14:41:01,943:DEBUG:ExperimentRunner.Adb:KYVKK16119600056: "pm list packages" returned: 
package:com.google.android.youtube
package:com.android.providers.telephony
package:com.android.sdm.plugins.connmo
package:com.google.android.googlequicksearchbox
package:com.android.providers.calendar
package:com.android.providers.media
package:com.huawei.entitlement
package:com.google.android.onetimeinitializer
package:com.android.wallpapercropper
package:com.quicinc.cne.CNEService
package:com.android.documentsui
package:com.android.externalstorage
package:com.google.android.apps.enterprise.dmagent
package:com.android.htmlviewer
package:com.huawei.callstatisticsutils
package:com.android.mms.service
package:com.android.providers.downloads
package:com.google.android.apps.messaging
package:android.autoinstalls.config.google.nexus
package:com.google.android.configupdater
package:com.android.defcontainer
package:com.android.providers.downloads.ui
package:com.android.vending
package:com.android.pacprocessor
package:com.qualcomm.cabl
package:com.android.certinstaller
package:com.android.carrierconfig
package:com.google.android.marvin.talkback
package:android
package:com.android.hotwordenrollment
package:com.google.android.apps.inputmethod.hindi
package:com.android.nfc
package:com.android.stk
package:com.android.backupconfirm
package:com.google.android.launcher
package:com.google.android.deskclock
package:org.codeaurora.ims
package:com.android.statementservice
package:com.google.android.gm
package:com.android.sdm.plugins.sprintdm
package:com.google.android.instantapps.supervisor
package:com.google.android.setupwizard
package:com.qualcomm.qcrilmsgtunnel
package:com.android.providers.settings
package:com.android.sharedstoragebackup
package:com.google.android.music
package:com.android.printspooler
package:com.android.sdm.plugins.diagmon
package:com.android.dreams.basic
package:com.android.inputdevices
package:com.google.android.dialer
package:com.google.android.apps.cloudprint
package:com.android.musicfx
package:com.google.android.apps.docs
package:com.google.android.apps.maps
package:com.google.android.apps.plus
package:com.android.cellbroadcastreceiver
package:com.google.android.webview
package:com.google.android.contacts
package:com.android.server.telecom
package:com.google.android.syncadapters.contacts
package:com.android.facelock
package:com.android.keychain
package:com.google.android.gm.exchange
package:com.google.android.calculator
package:com.android.chrome
package:com.google.android.packageinstaller
package:com.google.android.gms
package:com.google.android.gsf
package:com.google.android.tag
package:com.google.android.tts
package:com.google.android.apps.walletnfcrel
package:com.android.calllogbackup
package:com.google.android.partnersetup
package:com.google.android.videos
package:com.android.proxyhandler
package:com.google.android.feedback
package:com.google.android.apps.photos
package:com.google.android.calendar
package:com.android.managedprovisioning
package:com.android.sdm.plugins.dcmo
package:com.android.providers.partnerbookmarks
package:com.google.android.gsf.login
package:com.android.wallpaper.livepicker
package:com.huawei.mmitest
package:org.mozilla.firefox
package:com.google.android.inputmethod.korean
package:com.google.android.backuptransport
package:com.android.settings
package:com.google.android.inputmethod.pinyin
package:com.google.android.setupwizard.overlay.smartdevice
package:com.google.android.apps.tycho
package:com.android.omadm.service
package:com.huawei.sarcontrolservice
package:com.android.vpndialogs
package:com.google.android.talk
package:com.android.phone
package:com.android.shell
package:com.android.providers.userdictionary
package:com.google.android.inputmethod.japanese
package:com.android.location.fused
package:com.android.systemui
package:com.android.bluetoothmidiservice
package:com.quicinc.trepn
package:com.android.huawei.hiddenmenu
package:com.google.android.launcher.layouts.angler
package:com.google.android.play.games
package:com.google.android.apps.gcs
package:com.android.bluetooth
package:com.qualcomm.timeservice
package:com.android.providers.contacts
package:com.android.captiveportallogin
package:com.google.android.GoogleCamera
package:com.google.android.inputmethod.latin

2018-10-16 14:41:02,423:DEBUG:ExperimentRunner.Adb:KYVKK16119600056: "pm list packages" returned: 
package:com.google.android.youtube
package:com.android.providers.telephony
package:com.android.sdm.plugins.connmo
package:com.google.android.googlequicksearchbox
package:com.android.providers.calendar
package:com.android.providers.media
package:com.huawei.entitlement
package:com.google.android.onetimeinitializer
package:com.android.wallpapercropper
package:com.quicinc.cne.CNEService
package:com.android.documentsui
package:com.android.externalstorage
package:com.google.android.apps.enterprise.dmagent
package:com.android.htmlviewer
package:com.huawei.callstatisticsutils
package:com.android.mms.service
package:com.android.providers.downloads
package:com.google.android.apps.messaging
package:android.autoinstalls.config.google.nexus
package:com.google.android.configupdater
package:com.android.defcontainer
package:com.android.providers.downloads.ui
package:com.android.vending
package:com.android.pacprocessor
package:com.qualcomm.cabl
package:com.android.certinstaller
package:com.android.carrierconfig
package:com.google.android.marvin.talkback
package:android
package:com.android.hotwordenrollment
package:com.google.android.apps.inputmethod.hindi
package:com.android.nfc
package:com.android.stk
package:com.android.backupconfirm
package:com.google.android.launcher
package:com.google.android.deskclock
package:org.codeaurora.ims
package:com.android.statementservice
package:com.google.android.gm
package:com.android.sdm.plugins.sprintdm
package:com.google.android.instantapps.supervisor
package:com.google.android.setupwizard
package:com.qualcomm.qcrilmsgtunnel
package:com.android.providers.settings
package:com.android.sharedstoragebackup
package:com.google.android.music
package:com.android.printspooler
package:com.android.sdm.plugins.diagmon
package:com.android.dreams.basic
package:com.android.inputdevices
package:com.google.android.dialer
package:com.google.android.apps.cloudprint
package:com.android.musicfx
package:com.google.android.apps.docs
package:com.google.android.apps.maps
package:com.google.android.apps.plus
package:com.android.cellbroadcastreceiver
package:com.google.android.webview
package:com.google.android.contacts
package:com.android.server.telecom
package:com.google.android.syncadapters.contacts
package:com.android.facelock
package:com.android.keychain
package:com.google.android.gm.exchange
package:com.google.android.calculator
package:com.android.chrome
package:com.google.android.packageinstaller
package:com.google.android.gms
package:com.google.android.gsf
package:com.google.android.tag
package:com.google.android.tts
package:com.google.android.apps.walletnfcrel
package:com.android.calllogbackup
package:com.google.android.partnersetup
package:com.google.android.videos
package:com.android.proxyhandler
package:com.google.android.feedback
package:com.google.android.apps.photos
package:com.google.android.calendar
package:com.android.managedprovisioning
package:com.android.sdm.plugins.dcmo
package:com.android.providers.partnerbookmarks
package:com.google.android.gsf.login
package:com.android.wallpaper.livepicker
package:com.huawei.mmitest
package:org.mozilla.firefox
package:com.google.android.inputmethod.korean
package:com.google.android.backuptransport
package:com.android.settings
package:com.google.android.inputmethod.pinyin
package:com.google.android.setupwizard.overlay.smartdevice
package:com.google.android.apps.tycho
package:com.android.omadm.service
package:com.huawei.sarcontrolservice
package:com.android.vpndialogs
package:com.google.android.talk
package:com.android.phone
package:com.android.shell
package:com.android.providers.userdictionary
package:com.google.android.inputmethod.japanese
package:com.android.location.fused
package:com.android.systemui
package:com.android.bluetoothmidiservice
package:com.quicinc.trepn
package:com.android.huawei.hiddenmenu
package:com.google.android.launcher.layouts.angler
package:com.google.android.play.games
package:com.google.android.apps.gcs
package:com.android.bluetooth
package:com.qualcomm.timeservice
package:com.android.providers.contacts
package:com.android.captiveportallogin
package:com.google.android.GoogleCamera
package:com.google.android.inputmethod.latin

2018-10-16 14:41:02,482:DEBUG:ExperimentRunner.Adb:KYVKK16119600056: "getprop ro.build.version.release" returned: 
6.0.1

2018-10-16 14:41:02,534:DEBUG:ExperimentRunner.Adb:KYVKK16119600056: "getprop ro.build.version.sdk" returned: 
23

2018-10-16 14:41:02,591:DEBUG:ExperimentRunner.Adb:KYVKK16119600056: "getprop ro.build.version.release" returned: 
6.0.1

2018-10-16 14:41:02,635:DEBUG:ExperimentRunner.Adb:KYVKK16119600056: "getprop ro.build.version.sdk" returned: 
23

2018-10-16 14:41:02,636:INFO:WebExperiment:Device: nexus6p (KYVKK16119600056, Android 6.0.1, API level 23)
2018-10-16 14:41:02,637:INFO:Profilers:Loading
2018-10-16 14:41:02,682:DEBUG:ExperimentRunner.Adb:KYVKK16119600056: "getprop ro.build.version.release" returned: 
6.0.1

2018-10-16 14:41:02,728:DEBUG:ExperimentRunner.Adb:KYVKK16119600056: "getprop ro.build.version.sdk" returned: 
23

2018-10-16 14:41:02,773:DEBUG:ExperimentRunner.Adb:KYVKK16119600056: "getprop ro.build.version.release" returned: 
6.0.1

2018-10-16 14:41:02,820:DEBUG:ExperimentRunner.Adb:KYVKK16119600056: "getprop ro.build.version.sdk" returned: 
23

2018-10-16 14:41:02,821:DEBUG:Android:nexus6p (KYVKK16119600056, Android 6.0.1, API level 23): Loading configuration
2018-10-16 14:41:02,865:DEBUG:ExperimentRunner.Adb:KYVKK16119600056: "getprop ro.build.version.release" returned: 
6.0.1

2018-10-16 14:41:02,906:DEBUG:ExperimentRunner.Adb:KYVKK16119600056: "getprop ro.build.version.sdk" returned: 
23

2018-10-16 14:41:02,947:DEBUG:ExperimentRunner.Adb:KYVKK16119600056: "getprop ro.build.version.release" returned: 
6.0.1

2018-10-16 14:41:02,988:DEBUG:ExperimentRunner.Adb:KYVKK16119600056: "getprop ro.build.version.sdk" returned: 
23

2018-10-16 14:41:02,989:DEBUG:Trepn:nexus6p (KYVKK16119600056, Android 6.0.1, API level 23): Loading configuration
2018-10-16 14:41:03,619:DEBUG:ExperimentRunner.Adb:KYVKK16119600056: "monkey -p com.quicinc.trepn 1" returned: 
Events injected: 1
## Network stats: elapsed time=76ms (0ms mobile, 0ms wifi, 76ms not connected)

2018-10-16 14:41:09,569:DEBUG:ExperimentRunner.Adb:KYVKK16119600056: "am broadcast -a com.quicinc.trepn.load_preferences -e com.quicinc.trepn.load_preferences_file "/sdcard/trepn/saved_preferences/trepn.pref"" returned: 
Broadcasting: Intent { act=com.quicinc.trepn.load_preferences (has extras) }
Broadcast completed: result=0

2018-10-16 14:41:11,346:DEBUG:ExperimentRunner.Adb:KYVKK16119600056: "am force-stop com.quicinc.trepn" returned: 

2018-10-16 14:41:14,086:DEBUG:ExperimentRunner.Adb:KYVKK16119600056: "am startservice com.quicinc.trepn/.TrepnService" returned: 
Starting service: Intent { act=android.intent.action.MAIN cat=[android.intent.category.LAUNCHER] cmp=com.quicinc.trepn/.TrepnService }

2018-10-16 14:41:14,151:DEBUG:ExperimentRunner.Adb:KYVKK16119600056: "getprop ro.build.version.sdk" returned: 
23

2018-10-16 14:41:14,205:DEBUG:ExperimentRunner.Adb:KYVKK16119600056: "dumpsys battery unplug" returned: 

2018-10-16 14:41:14,235:DEBUG:ExperimentRunner.Adb:KYVKK16119600056: "getprop ro.build.version.release" returned: 
6.0.1

2018-10-16 14:41:14,267:DEBUG:ExperimentRunner.Adb:KYVKK16119600056: "getprop ro.build.version.sdk" returned: 
23

2018-10-16 14:41:14,268:DEBUG:Scripts:Running hook before_experiment on device nexus6p (KYVKK16119600056, Android 6.0.1, API level 23)
args: ()
kwargs: {}
2018-10-16 14:41:14,383:INFO:Python2:before_experiment.py
2018-10-16 14:41:14,384:DEBUG:Python2:before_experiment.py returned None
2018-10-16 14:41:14,395:INFO:WebExperiment:URL: 192.168.0.102:4000
2018-10-16 14:41:14,395:INFO:WebExperiment:Run 1 of 1
2018-10-16 14:41:14,422:DEBUG:ExperimentRunner.Adb:KYVKK16119600056: "getprop ro.build.version.release" returned: 
6.0.1

2018-10-16 14:41:14,451:DEBUG:ExperimentRunner.Adb:KYVKK16119600056: "getprop ro.build.version.sdk" returned: 
23

2018-10-16 14:41:14,452:DEBUG:Scripts:Running hook before_run on device nexus6p (KYVKK16119600056, Android 6.0.1, API level 23)
args: ()
kwargs: {}
2018-10-16 14:41:14,461:INFO:Python2:before_run.py
2018-10-16 14:41:14,462:DEBUG:Python2:before_run.py returned None
2018-10-16 14:41:14,465:INFO:Chrome:KYVKK16119600056: Start
2018-10-16 14:41:15,386:DEBUG:ExperimentRunner.Adb:KYVKK16119600056: "am start -S -a android.intent.action.VIEW -n com.android.chrome/com.google.android.apps.chrome.Main --activity-clear-task" returned: 
Stopping: com.android.chrome
Starting: Intent { act=android.intent.action.VIEW flg=0x8000 cmp=com.android.chrome/com.google.android.apps.chrome.Main }

2018-10-16 14:41:20,499:DEBUG:ExperimentRunner.Adb:KYVKK16119600056: "dumpsys window windows" returned: 
WINDOW MANAGER WINDOWS (dumpsys window windows)
  Window #10 Window{c7d2ed8 u0 NavigationBar}:
    mDisplayId=0 stackId=93 mSession=Session{f545a7 6639:u0a10027} mClient=android.os.BinderProxy@df369bb
    mOwnerUid=10027 mShowToOwnerOnly=false package=com.android.systemui appop=NONE
    mAttrs=WM.LayoutParams{(0,0)(fillxfill) sim=#20 ty=2019 fl=#1840068 fmt=-3}
    Requested w=1440 h=168 mLayoutSeq=10603
    mBaseLayer=211000 mSubLayer=0 mAnimLayer=211000+0=211000 mLastLayer=211000
    mToken=WindowToken{1d5d59a null}
    mRootToken=WindowToken{1d5d59a null}
    mViewVisibility=0x0 mHaveFrame=true mObscured=false
    mSeq=0 mSystemUiVisibility=0x0
    mGivenContentInsets=[0,0][0,0] mGivenVisibleInsets=[0,0][0,0]
    mConfiguration={1.0 222mcc10mnc en_US ldltr sw411dp w411dp h659dp 560dpi nrml port finger -keyb/v/h -nav/h s.39}
    mHasSurface=true mShownFrame=[0.0,2392.0][1440.0,2560.0] isReadyForDisplay()=true
    mFrame=[0,2392][1440,2560] last=[0,2392][1440,2560]
    mSystemDecorRect=[0,0][1440,168] last=[0,0][0,0]
    Frames: containing=[0,2392][1440,2560] parent=[0,2392][1440,2560]
        display=[0,2392][1440,2560] overscan=[0,2392][1440,2560]
        content=[0,2392][1440,2560] visible=[0,2392][1440,2560]
        decor=[0,0][0,0]
        outset=[0,2392][1440,2560]
    Cur insets: overscan=[0,0][0,0] content=[0,0][0,0] visible=[0,0][0,0] stable=[0,0][0,0] outsets=[0,0][0,0]
    Lst insets: overscan=[0,0][0,0] content=[0,0][0,0] visible=[0,0][0,0] stable=[0,0][0,0] physical=[0,0][0,0] outset=[0,0][0,0]
    WindowStateAnimator{3748042 NavigationBar}:
      mAnimating=false mLocalAnimating=false mAnimationIsEntrance=true mAnimation=null
      mSurface=Surface(name=NavigationBar)
      mDrawState=HAS_DRAWN mLastHidden=false
      Surface: shown=true layer=211000 alpha=1.0 rect=(0.0,2392.0) 1440.0 x 168.0
    mLastFreezeDuration=+157ms
  Window #9 Window{6200af2 u0 StatusBar}:
    mDisplayId=0 stackId=93 mSession=Session{f545a7 6639:u0a10027} mClient=android.os.BinderProxy@60a1dfd
    mOwnerUid=10027 mShowToOwnerOnly=false package=com.android.systemui appop=NONE
    mAttrs=WM.LayoutParams{(0,0)(fillx84) gr=#30 sim=#10 ty=2000 fl=#81840048 fmt=-3 vsysui=0x600}
    Requested w=1440 h=84 mLayoutSeq=10603
    mBaseLayer=161000 mSubLayer=0 mAnimLayer=161000+0=161000 mLastLayer=161000
    mToken=WindowToken{1d5d59a null}
    mRootToken=WindowToken{1d5d59a null}
    mViewVisibility=0x0 mHaveFrame=true mObscured=false
    mSeq=0 mSystemUiVisibility=0x600
    mGivenContentInsets=[0,0][0,0] mGivenVisibleInsets=[0,0][0,0]
    mConfiguration={1.0 222mcc10mnc en_US ldltr sw411dp w411dp h659dp 560dpi nrml port finger -keyb/v/h -nav/h s.39}
    mHasSurface=true mShownFrame=[0.0,0.0][1440.0,84.0] isReadyForDisplay()=true
    mFrame=[0,0][1440,84] last=[0,0][1440,84]
    mSystemDecorRect=[0,0][1440,84] last=[0,0][0,0]
    Frames: containing=[0,0][1440,2560] parent=[0,0][1440,2560]
        display=[0,0][1440,2560] overscan=[0,0][1440,2392]
        content=[0,0][1440,84] visible=[0,0][1440,84]
        decor=[0,0][0,0]
        outset=[0,0][1440,2392]
    Cur insets: overscan=[0,0][0,0] content=[0,0][0,0] visible=[0,0][0,0] stable=[0,0][0,0] outsets=[0,0][0,0]
    Lst insets: overscan=[0,0][0,0] content=[0,0][0,0] visible=[0,0][0,0] stable=[0,0][0,0] physical=[0,0][0,0] outset=[0,0][0,0]
    WindowStateAnimator{6dcd68d StatusBar}:
      mSurface=Surface(name=StatusBar)
      mDrawState=HAS_DRAWN mLastHidden=false
      Surface: shown=true layer=161000 alpha=1.0 rect=(0.0,0.0) 1440.0 x 84.0
    mLastFreezeDuration=+130ms
    mDrawLock=WakeLock{82bb166 held=false, refCount=0}
  Window #8 Window{2bde638 u0 KeyguardScrim}:
    mDisplayId=0 stackId=93 mSession=Session{1183fa8 5094:1000} mClient=android.view.ViewRootImpl$W@230e29b
    mOwnerUid=1000 mShowToOwnerOnly=false package=android appop=NONE
    mAttrs=WM.LayoutParams{(0,0)(fillxfill) sim=#10 ty=2029 fl=#1110900 pfl=0x1 fmt=-3 or=5 vsysui=0x3610000}
    Requested w=1440 h=2392 mLayoutSeq=32
    mBaseLayer=141000 mSubLayer=0 mAnimLayer=141000+0=141000 mLastLayer=141000
    mToken=WindowToken{1d5d59a null}
    mRootToken=WindowToken{1d5d59a null}
    mViewVisibility=0x8 mHaveFrame=true mObscured=false
    mSeq=0 mSystemUiVisibility=0x3610000
    mGivenContentInsets=[0,0][0,0] mGivenVisibleInsets=[0,0][0,0]
    mConfiguration={1.0 222mcc10mnc en_US ldltr sw411dp w411dp h659dp 560dpi nrml port finger -keyb/v/h -nav/h s.39}
    mHasSurface=false mShownFrame=[0.0,0.0][1440.0,2392.0] isReadyForDisplay()=false
    mFrame=[0,0][1440,2392] last=[0,0][1440,2392]
    mSystemDecorRect=[0,0][1440,2392] last=[0,0][0,0]
    Frames: containing=[0,0][1440,2392] parent=[0,0][1440,2392]
        display=[0,0][1440,2392] overscan=[0,0][1440,2560]
        content=[0,84][1440,2392] visible=[0,84][1440,2392]
        decor=[0,0][1440,2560]
        outset=[0,0][0,0]
    Cur insets: overscan=[0,0][0,0] content=[0,84][0,0] visible=[0,84][0,0] stable=[0,84][0,0] outsets=[0,0][0,0]
    Lst insets: overscan=[0,0][0,0] content=[0,84][0,0] visible=[0,84][0,0] stable=[0,84][0,0] physical=[0,0][0,0] outset=[0,0][0,0]
    WindowStateAnimator{c70bb24 KeyguardScrim}:
  Window #7 Window{43662b9 u0 AssistPreviewPanel}:
    mDisplayId=0 stackId=93 mSession=Session{f545a7 6639:u0a10027} mClient=android.os.BinderProxy@83d6c80
    mOwnerUid=10027 mShowToOwnerOnly=true package=com.android.systemui appop=NONE
    mAttrs=WM.LayoutParams{(0,0)(fillx875) gr=#800053 sim=#31 ty=2033 fl=#1000118 fmt=-3 vsysui=0x700}
    Requested w=0 h=0 mLayoutSeq=10286
    mBaseLayer=41000 mSubLayer=0 mAnimLayer=41000+0=41000 mLastLayer=0
    mToken=WindowToken{1d5d59a null}
    mRootToken=WindowToken{1d5d59a null}
    mViewVisibility=0x8 mHaveFrame=true mObscured=false
    mSeq=0 mSystemUiVisibility=0x700
    mGivenContentInsets=[0,0][0,0] mGivenVisibleInsets=[0,0][0,0]
    mConfiguration={1.0 222mcc10mnc en_US ldltr sw411dp w411dp h659dp 560dpi nrml port finger -keyb/v/h -nav/h s.39}
    mHasSurface=false mShownFrame=[0.0,0.0][0.0,0.0] isReadyForDisplay()=false
    mFrame=[0,2392][1440,2392] last=[0,0][0,0]
    mSystemDecorRect=[0,0][0,0] last=[0,0][0,0]
    Frames: containing=[0,0][1440,2392] parent=[0,0][1440,2392]
        display=[0,0][1440,2392] overscan=[0,0][1440,2392]
        content=[0,2392][1440,2392] visible=[0,2392][1440,2392]
        decor=[0,84][1440,2392]
        outset=[0,0][0,0]
    Cur insets: overscan=[0,0][0,0] content=[0,0][0,0] visible=[0,0][0,0] stable=[0,0][0,0] outsets=[0,0][0,0]
    Lst insets: overscan=[0,0][0,0] content=[0,0][0,0] visible=[0,0][0,0] stable=[0,0][0,0] physical=[0,0][0,0] outset=[0,0][0,0]
    WindowStateAnimator{a0628ff AssistPreviewPanel}:
      mShownAlpha=0.0 mAlpha=1.0 mLastAlpha=0.0
  Window #6 Window{8e3be4e u0 InputMethod}:
    mDisplayId=0 stackId=93 mSession=Session{4226113 7039:u0a10056} mClient=android.os.BinderProxy@8615549
    mOwnerUid=10056 mShowToOwnerOnly=true package=com.google.android.inputmethod.latin appop=NONE
    mAttrs=WM.LayoutParams{(0,0)(fillxfill) gr=#50 sim=#20 ty=2011 fl=#800108 fmt=-2 wanim=0x1030056 vsysui=0x300 needsMenuKey=2}
    Requested w=1440 h=2476 mLayoutSeq=10495
    mIsImWindow=true mIsWallpaper=false mIsFloatingLayer=true mWallpaperVisible=false
    mBaseLayer=121000 mSubLayer=0 mAnimLayer=21030+0=21030 mLastLayer=21035
    mToken=WindowToken{84345c1 android.os.Binder@bd6c25d}
    mRootToken=WindowToken{84345c1 android.os.Binder@bd6c25d}
    mTargetAppToken=AppWindowToken{202b717 token=Token{19ba0ca ActivityRecord{9718435 u0 com.android.chrome/com.google.android.apps.chrome.Main t1733}}}
    mViewVisibility=0x8 mHaveFrame=true mObscured=false
    mSeq=0 mSystemUiVisibility=0x300
    mGivenContentInsets=[0,1321][0,0] mGivenVisibleInsets=[0,1321][0,0]
    mTouchableInsets=3 mGivenInsetsPending=false
    touchable region=SkRegion((0,1405,1440,2392))
    mConfiguration={1.0 222mcc10mnc en_US ldltr sw411dp w411dp h659dp 560dpi nrml port finger -keyb/v/h -nav/h s.39}
    mHasSurface=false mShownFrame=[0.0,84.0][1440.0,2560.0] isReadyForDisplay()=false
    mFrame=[0,84][1440,2560] last=[0,84][1440,2560]
    mSystemDecorRect=[0,0][1440,2476] last=[0,0][0,0]
    Frames: containing=[0,84][1440,2560] parent=[0,84][1440,2560]
        display=[0,84][1440,2560] overscan=[0,84][1440,2560]
        content=[0,84][1440,2392] visible=[0,84][1440,2392]
        decor=[0,0][0,0]
        outset=[0,0][0,0]
    Cur insets: overscan=[0,0][0,0] content=[0,0][0,168] visible=[0,0][0,168] stable=[0,0][0,168] outsets=[0,0][0,0]
    Lst insets: overscan=[0,0][0,0] content=[0,0][0,168] visible=[0,0][0,168] stable=[0,0][0,168] physical=[0,0][0,0] outset=[0,0][0,0]
    WindowStateAnimator{7dc2eb6 InputMethod}:
      mShownAlpha=1.0 mAlpha=1.0 mLastAlpha=0.0
  Window #5 Window{3fc8c4b u0 com.android.chrome/com.google.android.apps.chrome.Main}:
    mDisplayId=0 stackId=93 mSession=Session{26e850 26266:u0a10039} mClient=android.os.BinderProxy@16d91a
    mOwnerUid=10039 mShowToOwnerOnly=true package=com.android.chrome appop=NONE
    mAttrs=WM.LayoutParams{(0,0)(fillxfill) gr=#11 sim=#110 ty=2 fl=#1800000 fmt=-2 needsMenuKey=2}
    Requested w=1440 h=2392 mLayoutSeq=10603
    mBaseLayer=21000 mSubLayer=0 mAnimLayer=21025+0=21025 mLastLayer=21025
    mToken=AppWindowToken{442d0c6 token=Token{3c7befa ActivityRecord{53f7d25 u0 com.android.chrome/com.google.android.apps.chrome.Main t1738}}}
    mRootToken=AppWindowToken{442d0c6 token=Token{3c7befa ActivityRecord{53f7d25 u0 com.android.chrome/com.google.android.apps.chrome.Main t1738}}}
    mAppToken=AppWindowToken{442d0c6 token=Token{3c7befa ActivityRecord{53f7d25 u0 com.android.chrome/com.google.android.apps.chrome.Main t1738}}}
    mViewVisibility=0x0 mHaveFrame=true mObscured=false
    mSeq=0 mSystemUiVisibility=0x0
    mGivenContentInsets=[0,0][0,0] mGivenVisibleInsets=[0,0][0,0]
    mConfiguration={1.0 222mcc10mnc en_US ldltr sw411dp w411dp h659dp 560dpi nrml port finger -keyb/v/h -nav/h s.39}
    mHasSurface=true mShownFrame=[0.0,84.0][1440.0,2392.0] isReadyForDisplay()=true
    mFrame=[0,84][1440,2392] last=[0,84][1440,2392]
    mSystemDecorRect=[0,0][1440,2308] last=[0,0][0,0]
    Frames: containing=[0,84][1440,2392] parent=[0,84][1440,2392]
        display=[0,84][1440,2392] overscan=[0,84][1440,2392]
        content=[0,84][1440,2392] visible=[0,84][1440,2392]
        decor=[0,84][1440,2392]
        outset=[0,0][0,0]
    Cur insets: overscan=[0,0][0,0] content=[0,0][0,0] visible=[0,0][0,0] stable=[0,0][0,0] outsets=[0,0][0,0]
    Lst insets: overscan=[0,0][0,0] content=[0,0][0,0] visible=[0,0][0,0] stable=[0,0][0,0] physical=[0,0][0,0] outset=[0,0][0,0]
    WindowStateAnimator{95756cc com.android.chrome/com.google.android.apps.chrome.Main}:
      mSurface=Surface(name=com.android.chrome/com.google.android.apps.chrome.Main)
      mDrawState=HAS_DRAWN mLastHidden=false
      Surface: shown=true layer=21025 alpha=1.0 rect=(0.0,84.0) 1440.0 x 2308.0
  Window #4 Window{431286f u0 com.android.chrome/com.google.android.apps.chrome.Main}:
    mDisplayId=0 stackId=93 mSession=Session{26e850 26266:u0a10039} mClient=android.os.BinderProxy@e317f4e
    mOwnerUid=10039 mShowToOwnerOnly=true package=com.android.chrome appop=NONE
    mAttrs=WM.LayoutParams{(0,0)(fillxfill) sim=#13 ty=1 fl=#81810100 fmt=-3 wanim=0x103045b vsysui=0x600 sysuil=true needsMenuKey=2}
    Requested w=1440 h=2560 mLayoutSeq=10603
    mBaseLayer=21000 mSubLayer=0 mAnimLayer=21020+0=21020 mLastLayer=21020
    mToken=AppWindowToken{442d0c6 token=Token{3c7befa ActivityRecord{53f7d25 u0 com.android.chrome/com.google.android.apps.chrome.Main t1738}}}
    mRootToken=AppWindowToken{442d0c6 token=Token{3c7befa ActivityRecord{53f7d25 u0 com.android.chrome/com.google.android.apps.chrome.Main t1738}}}
    mAppToken=AppWindowToken{442d0c6 token=Token{3c7befa ActivityRecord{53f7d25 u0 com.android.chrome/com.google.android.apps.chrome.Main t1738}}}
    mViewVisibility=0x0 mHaveFrame=true mObscured=false
    mSeq=0 mSystemUiVisibility=0x600
    mGivenContentInsets=[0,0][0,0] mGivenVisibleInsets=[0,0][0,0]
    mConfiguration={1.0 222mcc10mnc en_US ldltr sw411dp w411dp h659dp 560dpi nrml port finger -keyb/v/h -nav/h s.39}
    mHasSurface=true mShownFrame=[0.0,0.0][1440.0,2560.0] isReadyForDisplay()=true
    mFrame=[0,0][1440,2560] last=[0,0][1440,2560]
    mSystemDecorRect=[0,84][1440,2392] last=[0,0][0,0]
    Frames: containing=[0,0][1440,2560] parent=[0,0][1440,2560]
        display=[0,0][1440,2560] overscan=[0,0][1440,2560]
        content=[0,84][1440,2392] visible=[0,84][1440,2392]
        decor=[0,84][1440,2392]
        outset=[0,0][0,0]
    Cur insets: overscan=[0,0][0,0] content=[0,84][0,168] visible=[0,84][0,168] stable=[0,84][0,168] outsets=[0,0][0,0]
    Lst insets: overscan=[0,0][0,0] content=[0,84][0,168] visible=[0,84][0,168] stable=[0,84][0,168] physical=[0,0][0,0] outset=[0,0][0,0]
    WindowStateAnimator{46a4d15 com.android.chrome/com.google.android.apps.chrome.Main}:
      mSurface=Surface(name=com.android.chrome/com.google.android.apps.chrome.Main)
      mDrawState=HAS_DRAWN mLastHidden=false
      Surface: shown=true layer=21020 alpha=1.0 rect=(0.0,0.0) 1440.0 x 2560.0
  Window #3 Window{7fd682a u0 SurfaceView}:
    mDisplayId=0 stackId=93 mSession=Session{26e850 26266:u0a10039} mClient=android.os.BinderProxy@52d0580
    mOwnerUid=10039 mShowToOwnerOnly=true package=null appop=NONE
    mAttrs=WM.LayoutParams{(0,84)(1440x2308) gr=#800033 ty=1004 fl=#4218 pfl=0x40 fmt=4}
    Requested w=1440 h=2308 mLayoutSeq=10603
    mAttachedWindow=Window{431286f u0 com.android.chrome/com.google.android.apps.chrome.Main} mLayoutAttached=true
    mBaseLayer=21000 mSubLayer=-1 mAnimLayer=21015+0=21015 mLastLayer=21015
    mToken=WindowToken{71e561b android.os.BinderProxy@e317f4e}
    mRootToken=AppWindowToken{442d0c6 token=Token{3c7befa ActivityRecord{53f7d25 u0 com.android.chrome/com.google.android.apps.chrome.Main t1738}}}
    mAppToken=AppWindowToken{442d0c6 token=Token{3c7befa ActivityRecord{53f7d25 u0 com.android.chrome/com.google.android.apps.chrome.Main t1738}}}
    mViewVisibility=0x0 mHaveFrame=true mObscured=false
    mSeq=0 mSystemUiVisibility=0x0
    mGivenContentInsets=[0,0][0,0] mGivenVisibleInsets=[0,0][0,0]
    mConfiguration={1.0 222mcc10mnc en_US ldltr sw411dp w411dp h659dp 560dpi nrml port finger -keyb/v/h -nav/h s.39}
    mHasSurface=true mShownFrame=[0.0,84.0][1440.0,2392.0] isReadyForDisplay()=true
    mFrame=[0,84][1440,2392] last=[0,84][1440,2392]
    mSystemDecorRect=[0,0][1440,2308] last=[0,0][0,0]
    Frames: containing=[0,0][1440,2560] parent=[0,0][1440,2560]
        display=[-10000,-10000][10000,10000] overscan=[-10000,-10000][10000,10000]
        content=[0,84][1440,2392] visible=[0,84][1440,2392]
        decor=[0,84][1440,2392]
        outset=[0,0][0,0]
    Cur insets: overscan=[0,0][0,0] content=[0,0][0,0] visible=[0,0][0,0] stable=[0,0][0,0] outsets=[0,0][0,0]
    Lst insets: overscan=[0,0][0,0] content=[0,0][0,0] visible=[0,0][0,0] stable=[0,0][0,0] physical=[0,0][0,0] outset=[0,0][0,0]
    WindowStateAnimator{a0913b8 SurfaceView}:
      mSurface=Surface(name=SurfaceView)
      mDrawState=HAS_DRAWN mLastHidden=false
      Surface: shown=true layer=21015 alpha=1.0 rect=(0.0,84.0) 1440.0 x 2308.0
  Window #2 Window{594aa27 u0 com.google.android.googlequicksearchbox/com.google.android.launcher.GEL}:
    mDisplayId=0 stackId=0 mSession=Session{acb6318 7163:u0a10029} mClient=android.os.BinderProxy@7f94e6
    mOwnerUid=10029 mShowToOwnerOnly=true package=com.google.android.googlequicksearchbox appop=NONE
    mAttrs=WM.LayoutParams{(0,0)(fillxfill) sim=#120 ty=1 fl=#81910100 fmt=-3 wanim=0x103045b vsysui=0x700 needsMenuKey=2}
    Requested w=1440 h=2560 mLayoutSeq=10574
    mBaseLayer=21000 mSubLayer=0 mAnimLayer=21010+0=21010 mLastLayer=21010
    mToken=AppWindowToken{b229449 token=Token{5fc2a50 ActivityRecord{79bc813 u0 com.google.android.googlequicksearchbox/com.google.android.launcher.GEL t1464}}}
    mRootToken=AppWindowToken{b229449 token=Token{5fc2a50 ActivityRecord{79bc813 u0 com.google.android.googlequicksearchbox/com.google.android.launcher.GEL t1464}}}
    mAppToken=AppWindowToken{b229449 token=Token{5fc2a50 ActivityRecord{79bc813 u0 com.google.android.googlequicksearchbox/com.google.android.launcher.GEL t1464}}}
    mViewVisibility=0x8 mHaveFrame=true mObscured=false
    mSeq=0 mSystemUiVisibility=0x700
    mGivenContentInsets=[0,0][0,0] mGivenVisibleInsets=[0,0][0,0]
    mConfiguration={1.0 222mcc10mnc en_US ldltr sw411dp w411dp h659dp 560dpi nrml port finger -keyb/v/h -nav/h s.39}
    mHasSurface=false mShownFrame=[0.0,0.0][1440.0,2560.0] isReadyForDisplay()=false
    mFrame=[0,0][1440,2560] last=[0,0][1440,2560]
    mSystemDecorRect=[0,0][1440,2560] last=[0,0][0,0]
    Frames: containing=[0,0][1440,2560] parent=[0,0][1440,2560]
        display=[0,0][1440,2560] overscan=[0,0][1440,2560]
        content=[0,84][1440,2392] visible=[0,84][1440,2392]
        decor=[0,0][1440,2560]
        outset=[0,0][0,0]
    Cur insets: overscan=[0,0][0,0] content=[0,84][0,168] visible=[0,84][0,168] stable=[0,84][0,168] outsets=[0,0][0,0]
    Lst insets: overscan=[0,0][0,0] content=[0,84][0,168] visible=[0,84][0,168] stable=[0,84][0,168] physical=[0,0][0,0] outset=[0,0][0,0]
    WindowStateAnimator{d59d55d com.google.android.googlequicksearchbox/com.google.android.launcher.GEL}:
    mWallpaperX=0.0 mWallpaperY=0.5
    mWallpaperXStep=0.33333334 mWallpaperYStep=1.0
  Window #1 Window{85f07b5 u0 com.android.systemui/com.android.systemui.recents.RecentsActivity}:
    mDisplayId=0 stackId=0 mSession=Session{f545a7 6639:u0a10027} mClient=android.os.BinderProxy@dd5d7ec
    mOwnerUid=10027 mShowToOwnerOnly=true package=com.android.systemui appop=NONE
    mAttrs=WM.LayoutParams{(0,0)(fillxfill) sim=#120 ty=1 fl=#81910100 fmt=-2 wanim=0x7f0e0005 vsysui=0x700 needsMenuKey=2}
    Requested w=1440 h=2560 mLayoutSeq=10527
    mBaseLayer=21000 mSubLayer=0 mAnimLayer=21005+0=21005 mLastLayer=22005
    mToken=AppWindowToken{74fb5e token=Token{84c1c99 ActivityRecord{95061e0 u0 com.android.systemui/.recents.RecentsActivity t1481}}}
    mRootToken=AppWindowToken{74fb5e token=Token{84c1c99 ActivityRecord{95061e0 u0 com.android.systemui/.recents.RecentsActivity t1481}}}
    mAppToken=AppWindowToken{74fb5e token=Token{84c1c99 ActivityRecord{95061e0 u0 com.android.systemui/.recents.RecentsActivity t1481}}}
    mViewVisibility=0x8 mHaveFrame=true mObscured=false
    mSeq=0 mSystemUiVisibility=0x700
    mGivenContentInsets=[0,0][0,0] mGivenVisibleInsets=[0,0][0,0]
    mConfiguration={1.0 222mcc10mnc en_US ldltr sw411dp w411dp h659dp 560dpi nrml port finger -keyb/v/h -nav/h s.39}
    mHasSurface=false mShownFrame=[0.0,0.0][1440.0,2560.0] isReadyForDisplay()=false
    mFrame=[0,0][1440,2560] last=[0,0][1440,2560]
    mSystemDecorRect=[0,0][1440,2560] last=[0,0][0,0]
    Frames: containing=[0,0][1440,2560] parent=[0,0][1440,2560]
        display=[0,0][1440,2560] overscan=[0,0][1440,2560]
        content=[0,84][1440,2392] visible=[0,84][1440,2392]
        decor=[0,0][1440,2560]
        outset=[0,0][0,0]
    Cur insets: overscan=[0,0][0,0] content=[0,84][0,168] visible=[0,84][0,168] stable=[0,84][0,168] outsets=[0,0][0,0]
    Lst insets: overscan=[0,0][0,0] content=[0,84][0,168] visible=[0,84][0,168] stable=[0,84][0,168] physical=[0,0][0,0] outset=[0,0][0,0]
    WindowStateAnimator{1305ed2 com.android.systemui/com.android.systemui.recents.RecentsActivity}:
      mShownAlpha=1.0 mAlpha=1.0 mLastAlpha=0.0
  Window #0 Window{e2f8e6d u0 com.android.systemui.ImageWallpaper}:
    mDisplayId=0 stackId=93 mSession=Session{f545a7 6639:u0a10027} mClient=android.os.BinderProxy@fbde684
    mOwnerUid=10027 mShowToOwnerOnly=true package=com.android.systemui appop=NONE
    mAttrs=WM.LayoutParams{(0,0)(1634x2560) gr=#800033 ty=2013 fl=#318 fmt=2 wanim=0x10302ea}
    Requested w=1634 h=2560 mLayoutSeq=10580
    mIsImWindow=false mIsWallpaper=true mIsFloatingLayer=true mWallpaperVisible=false
    mBaseLayer=21000 mSubLayer=0 mAnimLayer=21000+0=21000 mLastLayer=21000
    mToken=WindowToken{e3d0ecb android.os.Binder@26003ed}
    mRootToken=WindowToken{e3d0ecb android.os.Binder@26003ed}
    mViewVisibility=0x0 mHaveFrame=true mObscured=false
    mSeq=0 mSystemUiVisibility=0x0
    mGivenContentInsets=[0,0][0,0] mGivenVisibleInsets=[0,0][0,0]
    mConfiguration={1.0 222mcc10mnc en_US ldltr sw411dp w411dp h659dp 560dpi nrml port finger -keyb/v/h -nav/h s.39}
    mHasSurface=true mShownFrame=[0.0,0.0][1634.0,2560.0] isReadyForDisplay()=false
    mFrame=[0,0][1634,2560] last=[0,0][1634,2560]
    mSystemDecorRect=[0,0][1440,2560] last=[0,0][0,0]
    Frames: containing=[0,0][1440,2560] parent=[0,0][1440,2560]
        display=[-10000,-10000][10000,10000] overscan=[0,0][1440,2560]
        content=[0,0][1440,2560] visible=[0,84][1440,2392]
        decor=[0,0][1440,2560]
        outset=[0,0][1440,2560]
    Cur insets: overscan=[0,0][194,0] content=[0,0][194,0] visible=[0,84][194,168] stable=[0,84][194,168] outsets=[0,0][0,0]
    Lst insets: overscan=[0,0][194,0] content=[0,0][194,0] visible=[0,84][194,168] stable=[0,84][194,168] physical=[0,0][0,0] outset=[0,0][0,0]
    WindowStateAnimator{5021dea com.android.systemui.ImageWallpaper}:
      mAnimating=false mLocalAnimating=false mAnimationIsEntrance=true mAnimation=null
      mSurface=Surface(name=com.android.systemui.ImageWallpaper)
      mDrawState=HAS_DRAWN mLastHidden=true
      Surface: shown=false layer=21000 alpha=1.0 rect=(0.0,0.0) 1634.0 x 2560.0
    mLastFreezeDuration=+25m5s468ms
    mWallpaperX=0.0 mWallpaperY=0.5
    mWallpaperXStep=0.33333334 mWallpaperYStep=1.0

  mCurConfiguration={1.0 222mcc10mnc en_US ldltr sw411dp w411dp h659dp 560dpi nrml port finger -keyb/v/h -nav/h s.39}
  mHasPermanentDpad=false
  mCurrentFocus=Window{3fc8c4b u0 com.android.chrome/com.google.android.apps.chrome.Main}
  mFocusedApp=AppWindowToken{442d0c6 token=Token{3c7befa ActivityRecord{53f7d25 u0 com.android.chrome/com.google.android.apps.chrome.Main t1738}}}
  mInputMethodTarget=Window{8299407 u0 com.android.chrome/com.google.android.apps.chrome.Main}
  mInTouchMode=true mLayoutSeq=10603
  mLastDisplayFreezeDuration=+163ms due to Window{c7d2ed8 u0 NavigationBar}
  mSystemDecorLayer=161000 mScreenRect=[0,0][1440,2560]
  mWallpaperTarget=null
  mLastWallpaperX=0.0 mLastWallpaperY=0.5
  mSystemBooted=true mDisplayEnabled=true
  mTransactionSequence=14444
  mDisplayFrozen=false windows=0 client=false apps=0 waitingForConfig=false
  mRotation=0 mAltOrientation=false
  mLastWindowForcedOrientation=-1 mForcedAppOrientation=-1
  mDeferredRotationPauseCount=0
  Animation settings: disabled=false window=1.0 transition=1.0 animator=1.0
  mTraversalScheduled=false
 mSkipAppTransitionAnimation=false
  mLayoutToAnim:
    mNextAppTransition=TRANSIT_UNSET
    mAppTransitionState=APP_STATE_IDLE

2018-10-16 14:41:20,508:DEBUG:Device:Current activity: com.android.chrome
2018-10-16 14:41:20,548:DEBUG:ExperimentRunner.Adb:KYVKK16119600056: "getprop ro.build.version.release" returned: 
6.0.1

2018-10-16 14:41:20,589:DEBUG:ExperimentRunner.Adb:KYVKK16119600056: "getprop ro.build.version.sdk" returned: 
23

2018-10-16 14:41:20,590:DEBUG:Scripts:Running hook after_launch on device nexus6p (KYVKK16119600056, Android 6.0.1, API level 23)
args: (u'KYVKK16119600056', 'com.android.chrome')
kwargs: {}
2018-10-16 14:41:20,599:INFO:Python2:after_launch.py
2018-10-16 14:41:20,601:DEBUG:Python2:after_launch.py returned None
2018-10-16 14:41:20,639:DEBUG:ExperimentRunner.Adb:KYVKK16119600056: "getprop ro.build.version.release" returned: 
6.0.1

2018-10-16 14:41:20,681:DEBUG:ExperimentRunner.Adb:KYVKK16119600056: "getprop ro.build.version.sdk" returned: 
23

2018-10-16 14:41:20,682:DEBUG:Scripts:Running hook after_launch on device nexus6p (KYVKK16119600056, Android 6.0.1, API level 23)
args: (<ExperimentRunner.Browsers.Chrome.Chrome object at 0x108fe3250>,)
kwargs: {}
2018-10-16 14:41:20,690:INFO:Python2:after_launch.py
2018-10-16 14:41:20,692:DEBUG:Python2:after_launch.py returned None
2018-10-16 14:41:20,695:INFO:Profilers:Start profiling
2018-10-16 14:41:20,729:DEBUG:ExperimentRunner.Adb:KYVKK16119600056: "getprop ro.build.version.release" returned: 
6.0.1

2018-10-16 14:41:20,773:DEBUG:ExperimentRunner.Adb:KYVKK16119600056: "getprop ro.build.version.sdk" returned: 
23

2018-10-16 14:41:20,809:DEBUG:ExperimentRunner.Adb:KYVKK16119600056: "getprop ro.build.version.release" returned: 
6.0.1

2018-10-16 14:41:20,847:DEBUG:ExperimentRunner.Adb:KYVKK16119600056: "getprop ro.build.version.sdk" returned: 
23

2018-10-16 14:41:20,848:DEBUG:Android:nexus6p (KYVKK16119600056, Android 6.0.1, API level 23): Start profiling
2018-10-16 14:41:20,886:DEBUG:ExperimentRunner.Adb:KYVKK16119600056: "date -u" returned: 
Tue Oct 16 12:41:21 GMT 2018

2018-10-16 14:41:20,945:DEBUG:ExperimentRunner.Adb:KYVKK16119600056: "dumpsys cpuinfo | grep TOTAL" returned: 
4.7% TOTAL: 2.5% user + 1.8% kernel + 0.1% iowait + 0% irq + 0.1% softirq

2018-10-16 14:41:21,250:DEBUG:ExperimentRunner.Adb:KYVKK16119600056: "getprop ro.build.version.sdk" returned: 
23

2018-10-16 14:41:21,293:DEBUG:ExperimentRunner.Adb:KYVKK16119600056: "dumpsys battery reset" returned: 

2018-10-16 14:41:21,293:INFO:Profilers:Stop profiling
2018-10-16 14:41:21,329:DEBUG:ExperimentRunner.Adb:KYVKK16119600056: "getprop ro.build.version.release" returned: 
6.0.1

2018-10-16 14:41:21,361:DEBUG:ExperimentRunner.Adb:KYVKK16119600056: "getprop ro.build.version.sdk" returned: 
23

2018-10-16 14:41:21,392:DEBUG:ExperimentRunner.Adb:KYVKK16119600056: "getprop ro.build.version.release" returned: 
6.0.1

2018-10-16 14:41:21,424:DEBUG:ExperimentRunner.Adb:KYVKK16119600056: "getprop ro.build.version.sdk" returned: 
23

2018-10-16 14:41:21,425:DEBUG:Android:nexus6p (KYVKK16119600056, Android 6.0.1, API level 23): Stop profiling
2018-10-16 14:41:21,459:DEBUG:ExperimentRunner.Adb:KYVKK16119600056: "getprop ro.build.version.release" returned: 
6.0.1

2018-10-16 14:41:21,493:DEBUG:ExperimentRunner.Adb:KYVKK16119600056: "getprop ro.build.version.sdk" returned: 
23

2018-10-16 14:41:21,524:DEBUG:ExperimentRunner.Adb:KYVKK16119600056: "getprop ro.build.version.release" returned: 
6.0.1

2018-10-16 14:41:21,553:DEBUG:ExperimentRunner.Adb:KYVKK16119600056: "getprop ro.build.version.sdk" returned: 
23

2018-10-16 14:41:21,553:DEBUG:Trepn:nexus6p (KYVKK16119600056, Android 6.0.1, API level 23): Stop profiling
2018-10-16 14:41:22,162:DEBUG:ExperimentRunner.Adb:KYVKK16119600056: "am broadcast -a com.quicinc.trepn.stop_profiling" returned: 
Broadcasting: Intent { act=com.quicinc.trepn.stop_profiling }
Broadcast completed: result=0

2018-10-16 14:41:22,163:INFO:Profilers:Unloading
2018-10-16 14:41:22,206:DEBUG:ExperimentRunner.Adb:KYVKK16119600056: "getprop ro.build.version.release" returned: 
6.0.1

2018-10-16 14:41:22,250:DEBUG:ExperimentRunner.Adb:KYVKK16119600056: "getprop ro.build.version.sdk" returned: 
23

2018-10-16 14:41:22,288:DEBUG:ExperimentRunner.Adb:KYVKK16119600056: "getprop ro.build.version.release" returned: 
6.0.1

2018-10-16 14:41:22,328:DEBUG:ExperimentRunner.Adb:KYVKK16119600056: "getprop ro.build.version.sdk" returned: 
23

2018-10-16 14:41:22,329:DEBUG:Android:nexus6p (KYVKK16119600056, Android 6.0.1, API level 23): Cleanup
2018-10-16 14:41:22,367:DEBUG:ExperimentRunner.Adb:KYVKK16119600056: "getprop ro.build.version.release" returned: 
6.0.1

2018-10-16 14:41:22,409:DEBUG:ExperimentRunner.Adb:KYVKK16119600056: "getprop ro.build.version.sdk" returned: 
23

2018-10-16 14:41:22,452:DEBUG:ExperimentRunner.Adb:KYVKK16119600056: "getprop ro.build.version.release" returned: 
6.0.1

2018-10-16 14:41:22,486:DEBUG:ExperimentRunner.Adb:KYVKK16119600056: "getprop ro.build.version.sdk" returned: 
23

2018-10-16 14:41:22,487:DEBUG:Trepn:nexus6p (KYVKK16119600056, Android 6.0.1, API level 23): Cleanup
2018-10-16 14:41:23,166:DEBUG:ExperimentRunner.Adb:KYVKK16119600056: "am stopservice com.quicinc.trepn/.TrepnService" returned: 
Stopping service: Intent { act=android.intent.action.MAIN cat=[android.intent.category.LAUNCHER] cmp=com.quicinc.trepn/.TrepnService }
Service stopped

2018-10-16 14:41:23,215:DEBUG:ExperimentRunner.Adb:KYVKK16119600056: "rm -r /sdcard/trepn/saved_preferences/trepn.pref" returned: 

2018-10-16 14:41:23,216:INFO:Chrome:KYVKK16119600056: Stop
2018-10-16 14:41:23,836:DEBUG:ExperimentRunner.Adb:KYVKK16119600056: "am force-stop com.android.chrome" returned: 

2018-10-16 14:41:24,446:INFO:ExperimentRunner.Adb:KYVKK16119600056: Data of "com.android.chrome" cleared
