2018-10-15 17:29:50,254:INFO:ExperimentFactory:/Users/Luca/Documents/Università/Magistrale/Secondo_anno/Green_Lab/android-runner/example/web/config.json
2018-10-15 17:29:50,301:DEBUG:ExperimentRunner.Adb:Device list:
{0: 'KYVKK16119600056'}
2018-10-15 17:29:50,312:DEBUG:Android:Initialized
2018-10-15 17:29:50,430:DEBUG:Trepn:Initialized
2018-10-15 17:29:50,443:DEBUG:Python2:Imported /Users/Luca/Documents/Università/Magistrale/Secondo_anno/Green_Lab/android-runner/example/web/before_experiment.py
2018-10-15 17:29:50,444:DEBUG:Python2:Imported /Users/Luca/Documents/Università/Magistrale/Secondo_anno/Green_Lab/android-runner/example/web/before_run.py
2018-10-15 17:29:50,444:DEBUG:Python2:Imported /Users/Luca/Documents/Università/Magistrale/Secondo_anno/Green_Lab/android-runner/example/web/after_launch.py
2018-10-15 17:29:50,447:DEBUG:Python2:Imported /Users/Luca/Documents/Università/Magistrale/Secondo_anno/Green_Lab/android-runner/example/web/adb.py
2018-10-15 17:29:50,447:DEBUG:Python2:Imported /Users/Luca/Documents/Università/Magistrale/Secondo_anno/Green_Lab/android-runner/example/web/before_close.py
2018-10-15 17:29:50,448:DEBUG:Python2:Imported /Users/Luca/Documents/Università/Magistrale/Secondo_anno/Green_Lab/android-runner/example/web/after_run.py
2018-10-15 17:29:50,448:DEBUG:Python2:Imported /Users/Luca/Documents/Università/Magistrale/Secondo_anno/Green_Lab/android-runner/example/web/after_experiment.py
2018-10-15 17:29:50,449:DEBUG:Python2:Imported /Users/Luca/Documents/Università/Magistrale/Secondo_anno/Green_Lab/android-runner/example/web/aggregation.py
2018-10-15 17:29:50,952:DEBUG:ExperimentRunner.Adb:KYVKK16119600056: "pm list packages" returned: 
package:com.google.android.youtube
package:com.android.providers.telephony
package:com.android.sdm.plugins.connmo
package:com.google.android.googlequicksearchbox
package:com.android.providers.calendar
package:com.android.providers.media
package:com.huawei.entitlement
package:com.google.android.onetimeinitializer
package:com.android.wallpapercropper
package:com.quicinc.cne.CNEService
package:com.android.documentsui
package:com.android.externalstorage
package:com.google.android.apps.enterprise.dmagent
package:com.android.htmlviewer
package:com.huawei.callstatisticsutils
package:com.android.mms.service
package:com.android.providers.downloads
package:com.google.android.apps.messaging
package:android.autoinstalls.config.google.nexus
package:com.google.android.configupdater
package:com.android.defcontainer
package:com.android.providers.downloads.ui
package:com.android.vending
package:com.android.pacprocessor
package:com.qualcomm.cabl
package:com.android.certinstaller
package:com.android.carrierconfig
package:com.google.android.marvin.talkback
package:android
package:com.android.hotwordenrollment
package:com.google.android.apps.inputmethod.hindi
package:com.android.nfc
package:com.android.stk
package:com.android.backupconfirm
package:com.google.android.launcher
package:com.google.android.deskclock
package:org.codeaurora.ims
package:com.android.statementservice
package:com.google.android.gm
package:com.android.sdm.plugins.sprintdm
package:com.google.android.instantapps.supervisor
package:com.google.android.setupwizard
package:com.qualcomm.qcrilmsgtunnel
package:com.android.providers.settings
package:com.android.sharedstoragebackup
package:com.google.android.music
package:com.android.printspooler
package:com.android.sdm.plugins.diagmon
package:com.android.dreams.basic
package:com.android.inputdevices
package:com.google.android.dialer
package:com.google.android.apps.cloudprint
package:com.android.musicfx
package:com.google.android.apps.docs
package:com.google.android.apps.maps
package:com.google.android.apps.plus
package:com.android.cellbroadcastreceiver
package:com.google.android.webview
package:com.google.android.contacts
package:com.android.server.telecom
package:com.google.android.syncadapters.contacts
package:com.android.facelock
package:com.android.keychain
package:com.google.android.gm.exchange
package:com.google.android.calculator
package:com.android.chrome
package:com.google.android.packageinstaller
package:com.google.android.gms
package:com.google.android.gsf
package:com.google.android.tag
package:com.google.android.tts
package:com.google.android.apps.walletnfcrel
package:com.android.calllogbackup
package:com.google.android.partnersetup
package:com.google.android.videos
package:com.android.proxyhandler
package:com.google.android.feedback
package:com.google.android.apps.photos
package:com.google.android.calendar
package:com.android.managedprovisioning
package:com.android.sdm.plugins.dcmo
package:com.android.providers.partnerbookmarks
package:com.google.android.gsf.login
package:com.android.wallpaper.livepicker
package:com.huawei.mmitest
package:org.mozilla.firefox
package:com.google.android.inputmethod.korean
package:com.google.android.backuptransport
package:com.android.settings
package:com.google.android.inputmethod.pinyin
package:com.google.android.setupwizard.overlay.smartdevice
package:com.google.android.apps.tycho
package:com.android.omadm.service
package:com.huawei.sarcontrolservice
package:com.android.vpndialogs
package:com.google.android.talk
package:com.android.phone
package:com.android.shell
package:com.android.providers.userdictionary
package:com.google.android.inputmethod.japanese
package:com.android.location.fused
package:com.android.systemui
package:com.android.bluetoothmidiservice
package:com.quicinc.trepn
package:com.android.huawei.hiddenmenu
package:com.google.android.launcher.layouts.angler
package:com.google.android.play.games
package:com.google.android.apps.gcs
package:com.android.bluetooth
package:com.qualcomm.timeservice
package:com.android.providers.contacts
package:com.android.captiveportallogin
package:com.google.android.GoogleCamera
package:com.google.android.inputmethod.latin

2018-10-15 17:29:51,452:DEBUG:ExperimentRunner.Adb:KYVKK16119600056: "pm list packages" returned: 
package:com.google.android.youtube
package:com.android.providers.telephony
package:com.android.sdm.plugins.connmo
package:com.google.android.googlequicksearchbox
package:com.android.providers.calendar
package:com.android.providers.media
package:com.huawei.entitlement
package:com.google.android.onetimeinitializer
package:com.android.wallpapercropper
package:com.quicinc.cne.CNEService
package:com.android.documentsui
package:com.android.externalstorage
package:com.google.android.apps.enterprise.dmagent
package:com.android.htmlviewer
package:com.huawei.callstatisticsutils
package:com.android.mms.service
package:com.android.providers.downloads
package:com.google.android.apps.messaging
package:android.autoinstalls.config.google.nexus
package:com.google.android.configupdater
package:com.android.defcontainer
package:com.android.providers.downloads.ui
package:com.android.vending
package:com.android.pacprocessor
package:com.qualcomm.cabl
package:com.android.certinstaller
package:com.android.carrierconfig
package:com.google.android.marvin.talkback
package:android
package:com.android.hotwordenrollment
package:com.google.android.apps.inputmethod.hindi
package:com.android.nfc
package:com.android.stk
package:com.android.backupconfirm
package:com.google.android.launcher
package:com.google.android.deskclock
package:org.codeaurora.ims
package:com.android.statementservice
package:com.google.android.gm
package:com.android.sdm.plugins.sprintdm
package:com.google.android.instantapps.supervisor
package:com.google.android.setupwizard
package:com.qualcomm.qcrilmsgtunnel
package:com.android.providers.settings
package:com.android.sharedstoragebackup
package:com.google.android.music
package:com.android.printspooler
package:com.android.sdm.plugins.diagmon
package:com.android.dreams.basic
package:com.android.inputdevices
package:com.google.android.dialer
package:com.google.android.apps.cloudprint
package:com.android.musicfx
package:com.google.android.apps.docs
package:com.google.android.apps.maps
package:com.google.android.apps.plus
package:com.android.cellbroadcastreceiver
package:com.google.android.webview
package:com.google.android.contacts
package:com.android.server.telecom
package:com.google.android.syncadapters.contacts
package:com.android.facelock
package:com.android.keychain
package:com.google.android.gm.exchange
package:com.google.android.calculator
package:com.android.chrome
package:com.google.android.packageinstaller
package:com.google.android.gms
package:com.google.android.gsf
package:com.google.android.tag
package:com.google.android.tts
package:com.google.android.apps.walletnfcrel
package:com.android.calllogbackup
package:com.google.android.partnersetup
package:com.google.android.videos
package:com.android.proxyhandler
package:com.google.android.feedback
package:com.google.android.apps.photos
package:com.google.android.calendar
package:com.android.managedprovisioning
package:com.android.sdm.plugins.dcmo
package:com.android.providers.partnerbookmarks
package:com.google.android.gsf.login
package:com.android.wallpaper.livepicker
package:com.huawei.mmitest
package:org.mozilla.firefox
package:com.google.android.inputmethod.korean
package:com.google.android.backuptransport
package:com.android.settings
package:com.google.android.inputmethod.pinyin
package:com.google.android.setupwizard.overlay.smartdevice
package:com.google.android.apps.tycho
package:com.android.omadm.service
package:com.huawei.sarcontrolservice
package:com.android.vpndialogs
package:com.google.android.talk
package:com.android.phone
package:com.android.shell
package:com.android.providers.userdictionary
package:com.google.android.inputmethod.japanese
package:com.android.location.fused
package:com.android.systemui
package:com.android.bluetoothmidiservice
package:com.quicinc.trepn
package:com.android.huawei.hiddenmenu
package:com.google.android.launcher.layouts.angler
package:com.google.android.play.games
package:com.google.android.apps.gcs
package:com.android.bluetooth
package:com.qualcomm.timeservice
package:com.android.providers.contacts
package:com.android.captiveportallogin
package:com.google.android.GoogleCamera
package:com.google.android.inputmethod.latin

2018-10-15 17:29:51,558:DEBUG:ExperimentRunner.Adb:KYVKK16119600056: "getprop ro.build.version.release" returned: 
6.0.1

2018-10-15 17:29:51,612:DEBUG:ExperimentRunner.Adb:KYVKK16119600056: "getprop ro.build.version.sdk" returned: 
23

2018-10-15 17:29:51,661:DEBUG:ExperimentRunner.Adb:KYVKK16119600056: "getprop ro.build.version.release" returned: 
6.0.1

2018-10-15 17:29:51,703:DEBUG:ExperimentRunner.Adb:KYVKK16119600056: "getprop ro.build.version.sdk" returned: 
23

2018-10-15 17:29:51,703:INFO:WebExperiment:Device: nexus6p (KYVKK16119600056, Android 6.0.1, API level 23)
2018-10-15 17:29:51,704:INFO:Profilers:Loading
2018-10-15 17:29:51,748:DEBUG:ExperimentRunner.Adb:KYVKK16119600056: "getprop ro.build.version.release" returned: 
6.0.1

2018-10-15 17:29:51,792:DEBUG:ExperimentRunner.Adb:KYVKK16119600056: "getprop ro.build.version.sdk" returned: 
23

2018-10-15 17:29:51,838:DEBUG:ExperimentRunner.Adb:KYVKK16119600056: "getprop ro.build.version.release" returned: 
6.0.1

2018-10-15 17:29:51,884:DEBUG:ExperimentRunner.Adb:KYVKK16119600056: "getprop ro.build.version.sdk" returned: 
23

2018-10-15 17:29:51,885:DEBUG:Android:nexus6p (KYVKK16119600056, Android 6.0.1, API level 23): Loading configuration
2018-10-15 17:29:51,927:DEBUG:ExperimentRunner.Adb:KYVKK16119600056: "getprop ro.build.version.release" returned: 
6.0.1

2018-10-15 17:29:51,972:DEBUG:ExperimentRunner.Adb:KYVKK16119600056: "getprop ro.build.version.sdk" returned: 
23

2018-10-15 17:29:52,014:DEBUG:ExperimentRunner.Adb:KYVKK16119600056: "getprop ro.build.version.release" returned: 
6.0.1

2018-10-15 17:29:52,058:DEBUG:ExperimentRunner.Adb:KYVKK16119600056: "getprop ro.build.version.sdk" returned: 
23

2018-10-15 17:29:52,059:DEBUG:Trepn:nexus6p (KYVKK16119600056, Android 6.0.1, API level 23): Loading configuration
2018-10-15 17:29:52,651:DEBUG:ExperimentRunner.Adb:KYVKK16119600056: "monkey -p com.quicinc.trepn 1" returned: 
Events injected: 1
## Network stats: elapsed time=38ms (0ms mobile, 0ms wifi, 38ms not connected)

2018-10-15 17:29:58,554:DEBUG:ExperimentRunner.Adb:KYVKK16119600056: "am broadcast -a com.quicinc.trepn.load_preferences -e com.quicinc.trepn.load_preferences_file "/sdcard/trepn/saved_preferences/trepn.pref"" returned: 
Broadcasting: Intent { act=com.quicinc.trepn.load_preferences (has extras) }
Broadcast completed: result=0

2018-10-15 17:30:00,342:DEBUG:ExperimentRunner.Adb:KYVKK16119600056: "am force-stop com.quicinc.trepn" returned: 

2018-10-15 17:30:03,099:DEBUG:ExperimentRunner.Adb:KYVKK16119600056: "am startservice com.quicinc.trepn/.TrepnService" returned: 
Starting service: Intent { act=android.intent.action.MAIN cat=[android.intent.category.LAUNCHER] cmp=com.quicinc.trepn/.TrepnService }

2018-10-15 17:30:03,166:DEBUG:ExperimentRunner.Adb:KYVKK16119600056: "getprop ro.build.version.sdk" returned: 
23

2018-10-15 17:30:03,225:DEBUG:ExperimentRunner.Adb:KYVKK16119600056: "dumpsys battery unplug" returned: 

2018-10-15 17:30:03,258:DEBUG:ExperimentRunner.Adb:KYVKK16119600056: "getprop ro.build.version.release" returned: 
6.0.1

2018-10-15 17:30:03,291:DEBUG:ExperimentRunner.Adb:KYVKK16119600056: "getprop ro.build.version.sdk" returned: 
23

2018-10-15 17:30:03,292:DEBUG:Scripts:Running hook before_experiment on device nexus6p (KYVKK16119600056, Android 6.0.1, API level 23)
args: ()
kwargs: {}
2018-10-15 17:30:03,399:INFO:Python2:before_experiment.py
2018-10-15 17:30:03,401:DEBUG:Python2:before_experiment.py returned None
2018-10-15 17:30:03,412:INFO:WebExperiment:URL: 192.168.0.102:4000
2018-10-15 17:30:03,412:INFO:WebExperiment:Run 1 of 1
2018-10-15 17:30:03,444:DEBUG:ExperimentRunner.Adb:KYVKK16119600056: "getprop ro.build.version.release" returned: 
6.0.1

2018-10-15 17:30:03,471:DEBUG:ExperimentRunner.Adb:KYVKK16119600056: "getprop ro.build.version.sdk" returned: 
23

2018-10-15 17:30:03,472:DEBUG:Scripts:Running hook before_run on device nexus6p (KYVKK16119600056, Android 6.0.1, API level 23)
args: ()
kwargs: {}
2018-10-15 17:30:03,480:INFO:Python2:before_run.py
2018-10-15 17:30:03,481:DEBUG:Python2:before_run.py returned None
2018-10-15 17:30:03,484:INFO:Chrome:KYVKK16119600056: Start
2018-10-15 17:30:04,358:DEBUG:ExperimentRunner.Adb:KYVKK16119600056: "am start -S -a android.intent.action.VIEW -n com.android.chrome/com.google.android.apps.chrome.Main --activity-clear-task" returned: 
Stopping: com.android.chrome
Starting: Intent { act=android.intent.action.VIEW flg=0x8000 cmp=com.android.chrome/com.google.android.apps.chrome.Main }

2018-10-15 17:30:09,466:DEBUG:ExperimentRunner.Adb:KYVKK16119600056: "dumpsys window windows" returned: 
WINDOW MANAGER WINDOWS (dumpsys window windows)
  Window #8 Window{c7d2ed8 u0 NavigationBar}:
    mDisplayId=0 stackId=88 mSession=Session{f545a7 6639:u0a10027} mClient=android.os.BinderProxy@df369bb
    mOwnerUid=10027 mShowToOwnerOnly=false package=com.android.systemui appop=NONE
    mAttrs=WM.LayoutParams{(0,0)(fillxfill) sim=#20 ty=2019 fl=#1840068 fmt=-3}
    Requested w=1440 h=168 mLayoutSeq=9365
    mBaseLayer=211000 mSubLayer=0 mAnimLayer=211000+0=211000 mLastLayer=211000
    mToken=WindowToken{1d5d59a null}
    mRootToken=WindowToken{1d5d59a null}
    mViewVisibility=0x0 mHaveFrame=true mObscured=false
    mSeq=0 mSystemUiVisibility=0x0
    mGivenContentInsets=[0,0][0,0] mGivenVisibleInsets=[0,0][0,0]
    mConfiguration={1.0 222mcc10mnc en_US ldltr sw411dp w411dp h659dp 560dpi nrml port finger -keyb/v/h -nav/h s.33}
    mHasSurface=true mShownFrame=[0.0,2392.0][1440.0,2560.0] isReadyForDisplay()=true
    mFrame=[0,2392][1440,2560] last=[0,2392][1440,2560]
    mSystemDecorRect=[0,0][1440,168] last=[0,0][0,0]
    Frames: containing=[0,2392][1440,2560] parent=[0,2392][1440,2560]
        display=[0,2392][1440,2560] overscan=[0,2392][1440,2560]
        content=[0,2392][1440,2560] visible=[0,2392][1440,2560]
        decor=[0,0][0,0]
        outset=[0,2392][1440,2560]
    Cur insets: overscan=[0,0][0,0] content=[0,0][0,0] visible=[0,0][0,0] stable=[0,0][0,0] outsets=[0,0][0,0]
    Lst insets: overscan=[0,0][0,0] content=[0,0][0,0] visible=[0,0][0,0] stable=[0,0][0,0] physical=[0,0][0,0] outset=[0,0][0,0]
    WindowStateAnimator{3748042 NavigationBar}:
      mAnimating=false mLocalAnimating=false mAnimationIsEntrance=true mAnimation=null
      mSurface=Surface(name=NavigationBar)
      mDrawState=HAS_DRAWN mLastHidden=false
      Surface: shown=true layer=211000 alpha=1.0 rect=(0.0,2392.0) 1440.0 x 168.0
    mLastFreezeDuration=+167ms
  Window #7 Window{6200af2 u0 StatusBar}:
    mDisplayId=0 stackId=88 mSession=Session{f545a7 6639:u0a10027} mClient=android.os.BinderProxy@60a1dfd
    mOwnerUid=10027 mShowToOwnerOnly=false package=com.android.systemui appop=NONE
    mAttrs=WM.LayoutParams{(0,0)(fillx84) gr=#30 sim=#10 ty=2000 fl=#81840048 fmt=-3 vsysui=0x600}
    Requested w=1440 h=84 mLayoutSeq=9365
    mBaseLayer=161000 mSubLayer=0 mAnimLayer=161000+0=161000 mLastLayer=161000
    mToken=WindowToken{1d5d59a null}
    mRootToken=WindowToken{1d5d59a null}
    mViewVisibility=0x0 mHaveFrame=true mObscured=false
    mSeq=0 mSystemUiVisibility=0x600
    mGivenContentInsets=[0,0][0,0] mGivenVisibleInsets=[0,0][0,0]
    mConfiguration={1.0 222mcc10mnc en_US ldltr sw411dp w411dp h659dp 560dpi nrml port finger -keyb/v/h -nav/h s.33}
    mHasSurface=true mShownFrame=[0.0,0.0][1440.0,84.0] isReadyForDisplay()=true
    mFrame=[0,0][1440,84] last=[0,0][1440,84]
    mSystemDecorRect=[0,0][1440,84] last=[0,0][0,0]
    Frames: containing=[0,0][1440,2560] parent=[0,0][1440,2560]
        display=[0,0][1440,2560] overscan=[0,0][1440,2392]
        content=[0,0][1440,84] visible=[0,0][1440,84]
        decor=[0,0][0,0]
        outset=[0,0][1440,2392]
    Cur insets: overscan=[0,0][0,0] content=[0,0][0,0] visible=[0,0][0,0] stable=[0,0][0,0] outsets=[0,0][0,0]
    Lst insets: overscan=[0,0][0,0] content=[0,0][0,0] visible=[0,0][0,0] stable=[0,0][0,0] physical=[0,0][0,0] outset=[0,0][0,0]
    WindowStateAnimator{6dcd68d StatusBar}:
      mSurface=Surface(name=StatusBar)
      mDrawState=HAS_DRAWN mLastHidden=false
      Surface: shown=true layer=161000 alpha=1.0 rect=(0.0,0.0) 1440.0 x 84.0
    mLastFreezeDuration=+141ms
    mDrawLock=WakeLock{82bb166 held=false, refCount=0}
  Window #6 Window{2bde638 u0 KeyguardScrim}:
    mDisplayId=0 stackId=88 mSession=Session{1183fa8 5094:1000} mClient=android.view.ViewRootImpl$W@230e29b
    mOwnerUid=1000 mShowToOwnerOnly=false package=android appop=NONE
    mAttrs=WM.LayoutParams{(0,0)(fillxfill) sim=#10 ty=2029 fl=#1110900 pfl=0x1 fmt=-3 or=5 vsysui=0x3610000}
    Requested w=1440 h=2392 mLayoutSeq=32
    mBaseLayer=141000 mSubLayer=0 mAnimLayer=141000+0=141000 mLastLayer=141000
    mToken=WindowToken{1d5d59a null}
    mRootToken=WindowToken{1d5d59a null}
    mViewVisibility=0x8 mHaveFrame=true mObscured=false
    mSeq=0 mSystemUiVisibility=0x3610000
    mGivenContentInsets=[0,0][0,0] mGivenVisibleInsets=[0,0][0,0]
    mConfiguration={1.0 222mcc10mnc en_US ldltr sw411dp w411dp h659dp 560dpi nrml port finger -keyb/v/h -nav/h s.33}
    mHasSurface=false mShownFrame=[0.0,0.0][1440.0,2392.0] isReadyForDisplay()=false
    mFrame=[0,0][1440,2392] last=[0,0][1440,2392]
    mSystemDecorRect=[0,0][1440,2392] last=[0,0][0,0]
    Frames: containing=[0,0][1440,2392] parent=[0,0][1440,2392]
        display=[0,0][1440,2392] overscan=[0,0][1440,2560]
        content=[0,84][1440,2392] visible=[0,84][1440,2392]
        decor=[0,0][1440,2560]
        outset=[0,0][0,0]
    Cur insets: overscan=[0,0][0,0] content=[0,84][0,0] visible=[0,84][0,0] stable=[0,84][0,0] outsets=[0,0][0,0]
    Lst insets: overscan=[0,0][0,0] content=[0,84][0,0] visible=[0,84][0,0] stable=[0,84][0,0] physical=[0,0][0,0] outset=[0,0][0,0]
    WindowStateAnimator{c70bb24 KeyguardScrim}:
  Window #5 Window{f6bf87 u0 AssistPreviewPanel}:
    mDisplayId=0 stackId=88 mSession=Session{f545a7 6639:u0a10027} mClient=android.os.BinderProxy@a3123c6
    mOwnerUid=10027 mShowToOwnerOnly=true package=com.android.systemui appop=NONE
    mAttrs=WM.LayoutParams{(0,0)(fillx875) gr=#800053 sim=#31 ty=2033 fl=#1000118 fmt=-3 vsysui=0x700}
    Requested w=0 h=0 mLayoutSeq=8210
    mBaseLayer=41000 mSubLayer=0 mAnimLayer=41000+0=41000 mLastLayer=0
    mToken=WindowToken{1d5d59a null}
    mRootToken=WindowToken{1d5d59a null}
    mViewVisibility=0x8 mHaveFrame=true mObscured=false
    mSeq=0 mSystemUiVisibility=0x700
    mGivenContentInsets=[0,0][0,0] mGivenVisibleInsets=[0,0][0,0]
    mConfiguration={1.0 222mcc10mnc en_US ldltr sw411dp w411dp h659dp 560dpi nrml port finger -keyb/v/h -nav/h s.33}
    mHasSurface=false mShownFrame=[0.0,0.0][0.0,0.0] isReadyForDisplay()=false
    mFrame=[0,2392][1440,2392] last=[0,0][0,0]
    mSystemDecorRect=[0,0][0,0] last=[0,0][0,0]
    Frames: containing=[0,0][1440,2392] parent=[0,0][1440,2392]
        display=[0,0][1440,2392] overscan=[0,0][1440,2392]
        content=[0,2392][1440,2392] visible=[0,2392][1440,2392]
        decor=[0,84][1440,2392]
        outset=[0,0][0,0]
    Cur insets: overscan=[0,0][0,0] content=[0,0][0,0] visible=[0,0][0,0] stable=[0,0][0,0] outsets=[0,0][0,0]
    Lst insets: overscan=[0,0][0,0] content=[0,0][0,0] visible=[0,0][0,0] stable=[0,0][0,0] physical=[0,0][0,0] outset=[0,0][0,0]
    WindowStateAnimator{6999328 AssistPreviewPanel}:
      mShownAlpha=0.0 mAlpha=1.0 mLastAlpha=0.0
  Window #4 Window{8e3be4e u0 InputMethod}:
    mDisplayId=0 stackId=88 mSession=Session{4226113 7039:u0a10056} mClient=android.os.BinderProxy@8615549
    mOwnerUid=10056 mShowToOwnerOnly=true package=com.google.android.inputmethod.latin appop=NONE
    mAttrs=WM.LayoutParams{(0,0)(fillxfill) gr=#50 sim=#20 ty=2011 fl=#800108 fmt=-2 wanim=0x1030056 vsysui=0x300 needsMenuKey=2}
    Requested w=1440 h=2476 mLayoutSeq=8857
    mIsImWindow=true mIsWallpaper=false mIsFloatingLayer=true mWallpaperVisible=false
    mBaseLayer=121000 mSubLayer=0 mAnimLayer=21020+0=21020 mLastLayer=21025
    mToken=WindowToken{84345c1 android.os.Binder@bd6c25d}
    mRootToken=WindowToken{84345c1 android.os.Binder@bd6c25d}
    mTargetAppToken=AppWindowToken{b5ddc14 token=Token{105d97c ActivityRecord{507486f u0 com.android.chrome/com.google.android.apps.chrome.Main t1700}}}
    mViewVisibility=0x8 mHaveFrame=true mObscured=false
    mSeq=0 mSystemUiVisibility=0x300
    mGivenContentInsets=[0,1321][0,0] mGivenVisibleInsets=[0,1321][0,0]
    mTouchableInsets=3 mGivenInsetsPending=false
    touchable region=SkRegion((0,1405,1440,2392))
    mConfiguration={1.0 222mcc10mnc en_US ldltr sw411dp w411dp h659dp 560dpi nrml port finger -keyb/v/h -nav/h s.33}
    mHasSurface=false mShownFrame=[0.0,84.0][1440.0,2560.0] isReadyForDisplay()=false
    mFrame=[0,84][1440,2560] last=[0,84][1440,2560]
    mSystemDecorRect=[0,0][1440,2476] last=[0,0][0,0]
    Frames: containing=[0,84][1440,2560] parent=[0,84][1440,2560]
        display=[0,84][1440,2560] overscan=[0,84][1440,2560]
        content=[0,84][1440,2392] visible=[0,84][1440,2392]
        decor=[0,0][0,0]
        outset=[0,0][0,0]
    Cur insets: overscan=[0,0][0,0] content=[0,0][0,168] visible=[0,0][0,168] stable=[0,0][0,168] outsets=[0,0][0,0]
    Lst insets: overscan=[0,0][0,0] content=[0,0][0,168] visible=[0,0][0,168] stable=[0,0][0,168] physical=[0,0][0,0] outset=[0,0][0,0]
    WindowStateAnimator{7dc2eb6 InputMethod}:
      mShownAlpha=1.0 mAlpha=1.0 mLastAlpha=0.0
  Window #3 Window{767bc25 u0 com.android.chrome/org.chromium.chrome.browser.firstrun.FirstRunActivity}:
    mDisplayId=0 stackId=88 mSession=Session{dc014ee 13450:u0a10039} mClient=android.os.BinderProxy@ed7d81c
    mOwnerUid=10039 mShowToOwnerOnly=true package=com.android.chrome appop=NONE
    mAttrs=WM.LayoutParams{(0,0)(fillxfill) sim=#122 ty=1 fl=#81810100 wanim=0x103045b vsysui=0x600 needsMenuKey=2}
    Requested w=1440 h=2392 mLayoutSeq=9365
    mBaseLayer=21000 mSubLayer=0 mAnimLayer=21015+0=21015 mLastLayer=21015
    mToken=AppWindowToken{49f7bb5 token=Token{9d186f2 ActivityRecord{3e409fd u0 com.android.chrome/org.chromium.chrome.browser.firstrun.FirstRunActivity t1723}}}
    mRootToken=AppWindowToken{49f7bb5 token=Token{9d186f2 ActivityRecord{3e409fd u0 com.android.chrome/org.chromium.chrome.browser.firstrun.FirstRunActivity t1723}}}
    mAppToken=AppWindowToken{49f7bb5 token=Token{9d186f2 ActivityRecord{3e409fd u0 com.android.chrome/org.chromium.chrome.browser.firstrun.FirstRunActivity t1723}}}
    mViewVisibility=0x0 mHaveFrame=true mObscured=false
    mSeq=0 mSystemUiVisibility=0x600
    mGivenContentInsets=[0,0][0,0] mGivenVisibleInsets=[0,0][0,0]
    mConfiguration={1.0 222mcc10mnc en_US ldltr sw411dp w411dp h659dp 560dpi nrml port finger -keyb/v/h -nav/h s.33}
    mHasSurface=true mShownFrame=[0.0,0.0][1440.0,2560.0] isReadyForDisplay()=true
    mFrame=[0,0][1440,2560] last=[0,0][1440,2560]
    mSystemDecorRect=[0,0][1440,2560] last=[0,0][0,0]
    Frames: containing=[0,0][1440,2560] parent=[0,0][1440,2560]
        display=[0,0][1440,2560] overscan=[0,0][1440,2560]
        content=[0,84][1440,2392] visible=[0,84][1440,2392]
        decor=[0,0][1440,2560]
        outset=[0,0][0,0]
    Cur insets: overscan=[0,0][0,0] content=[0,84][0,168] visible=[0,84][0,168] stable=[0,84][0,168] outsets=[0,0][0,0]
    Lst insets: overscan=[0,0][0,0] content=[0,84][0,168] visible=[0,84][0,168] stable=[0,84][0,168] physical=[0,0][0,0] outset=[0,0][0,0]
    WindowStateAnimator{13fb8f3 com.android.chrome/org.chromium.chrome.browser.firstrun.FirstRunActivity}:
      mSurface=Surface(name=com.android.chrome/org.chromium.chrome.browser.firstrun.FirstRunActivity)
      mDrawState=HAS_DRAWN mLastHidden=false
      Surface: shown=true layer=21015 alpha=1.0 rect=(0.0,0.0) 1440.0 x 2560.0
  Window #2 Window{594aa27 u0 com.google.android.googlequicksearchbox/com.google.android.launcher.GEL}:
    mDisplayId=0 stackId=0 mSession=Session{acb6318 7163:u0a10029} mClient=android.os.BinderProxy@7f94e6
    mOwnerUid=10029 mShowToOwnerOnly=true package=com.google.android.googlequicksearchbox appop=NONE
    mAttrs=WM.LayoutParams{(0,0)(fillxfill) sim=#120 ty=1 fl=#81910100 fmt=-3 wanim=0x103045b vsysui=0x700 needsMenuKey=2}
    Requested w=1440 h=2560 mLayoutSeq=9347
    mBaseLayer=21000 mSubLayer=0 mAnimLayer=21010+0=21010 mLastLayer=21010
    mToken=AppWindowToken{b229449 token=Token{5fc2a50 ActivityRecord{79bc813 u0 com.google.android.googlequicksearchbox/com.google.android.launcher.GEL t1464}}}
    mRootToken=AppWindowToken{b229449 token=Token{5fc2a50 ActivityRecord{79bc813 u0 com.google.android.googlequicksearchbox/com.google.android.launcher.GEL t1464}}}
    mAppToken=AppWindowToken{b229449 token=Token{5fc2a50 ActivityRecord{79bc813 u0 com.google.android.googlequicksearchbox/com.google.android.launcher.GEL t1464}}}
    mViewVisibility=0x8 mHaveFrame=true mObscured=true
    mSeq=0 mSystemUiVisibility=0x700
    mGivenContentInsets=[0,0][0,0] mGivenVisibleInsets=[0,0][0,0]
    mConfiguration={1.0 222mcc10mnc en_US ldltr sw411dp w411dp h659dp 560dpi nrml port finger -keyb/v/h -nav/h s.33}
    mHasSurface=false mShownFrame=[0.0,0.0][1440.0,2560.0] isReadyForDisplay()=false
    mFrame=[0,0][1440,2560] last=[0,0][1440,2560]
    mSystemDecorRect=[0,0][1440,2560] last=[0,0][0,0]
    Frames: containing=[0,0][1440,2560] parent=[0,0][1440,2560]
        display=[0,0][1440,2560] overscan=[0,0][1440,2560]
        content=[0,84][1440,2392] visible=[0,84][1440,2392]
        decor=[0,0][1440,2560]
        outset=[0,0][0,0]
    Cur insets: overscan=[0,0][0,0] content=[0,84][0,168] visible=[0,84][0,168] stable=[0,84][0,168] outsets=[0,0][0,0]
    Lst insets: overscan=[0,0][0,0] content=[0,84][0,168] visible=[0,84][0,168] stable=[0,84][0,168] physical=[0,0][0,0] outset=[0,0][0,0]
    WindowStateAnimator{d59d55d com.google.android.googlequicksearchbox/com.google.android.launcher.GEL}:
    mWallpaperX=0.0 mWallpaperY=0.5
    mWallpaperXStep=0.33333334 mWallpaperYStep=1.0
  Window #1 Window{85f07b5 u0 com.android.systemui/com.android.systemui.recents.RecentsActivity}:
    mDisplayId=0 stackId=0 mSession=Session{f545a7 6639:u0a10027} mClient=android.os.BinderProxy@dd5d7ec
    mOwnerUid=10027 mShowToOwnerOnly=true package=com.android.systemui appop=NONE
    mAttrs=WM.LayoutParams{(0,0)(fillxfill) sim=#120 ty=1 fl=#81910100 fmt=-2 wanim=0x7f0e0005 vsysui=0x700 needsMenuKey=2}
    Requested w=1440 h=2560 mLayoutSeq=8711
    mBaseLayer=21000 mSubLayer=0 mAnimLayer=21005+0=21005 mLastLayer=22005
    mToken=AppWindowToken{74fb5e token=Token{84c1c99 ActivityRecord{95061e0 u0 com.android.systemui/.recents.RecentsActivity t1481}}}
    mRootToken=AppWindowToken{74fb5e token=Token{84c1c99 ActivityRecord{95061e0 u0 com.android.systemui/.recents.RecentsActivity t1481}}}
    mAppToken=AppWindowToken{74fb5e token=Token{84c1c99 ActivityRecord{95061e0 u0 com.android.systemui/.recents.RecentsActivity t1481}}}
    mViewVisibility=0x8 mHaveFrame=true mObscured=true
    mSeq=0 mSystemUiVisibility=0x700
    mGivenContentInsets=[0,0][0,0] mGivenVisibleInsets=[0,0][0,0]
    mConfiguration={1.0 222mcc10mnc en_US ldltr sw411dp w411dp h659dp 560dpi nrml port finger -keyb/v/h -nav/h s.33}
    mHasSurface=false mShownFrame=[0.0,0.0][1440.0,2560.0] isReadyForDisplay()=false
    mFrame=[0,0][1440,2560] last=[0,0][1440,2560]
    mSystemDecorRect=[0,0][1440,2560] last=[0,0][0,0]
    Frames: containing=[0,0][1440,2560] parent=[0,0][1440,2560]
        display=[0,0][1440,2560] overscan=[0,0][1440,2560]
        content=[0,84][1440,2392] visible=[0,84][1440,2392]
        decor=[0,0][1440,2560]
        outset=[0,0][0,0]
    Cur insets: overscan=[0,0][0,0] content=[0,84][0,168] visible=[0,84][0,168] stable=[0,84][0,168] outsets=[0,0][0,0]
    Lst insets: overscan=[0,0][0,0] content=[0,84][0,168] visible=[0,84][0,168] stable=[0,84][0,168] physical=[0,0][0,0] outset=[0,0][0,0]
    WindowStateAnimator{1305ed2 com.android.systemui/com.android.systemui.recents.RecentsActivity}:
      mShownAlpha=1.0 mAlpha=1.0 mLastAlpha=0.0
  Window #0 Window{e2f8e6d u0 com.android.systemui.ImageWallpaper}:
    mDisplayId=0 stackId=88 mSession=Session{f545a7 6639:u0a10027} mClient=android.os.BinderProxy@fbde684
    mOwnerUid=10027 mShowToOwnerOnly=true package=com.android.systemui appop=NONE
    mAttrs=WM.LayoutParams{(0,0)(1634x2560) gr=#800033 ty=2013 fl=#318 fmt=2 wanim=0x10302ea}
    Requested w=1634 h=2560 mLayoutSeq=9359
    mIsImWindow=false mIsWallpaper=true mIsFloatingLayer=true mWallpaperVisible=false
    mBaseLayer=21000 mSubLayer=0 mAnimLayer=21000+0=21000 mLastLayer=21000
    mToken=WindowToken{e3d0ecb android.os.Binder@26003ed}
    mRootToken=WindowToken{e3d0ecb android.os.Binder@26003ed}
    mViewVisibility=0x0 mHaveFrame=true mObscured=true
    mSeq=0 mSystemUiVisibility=0x0
    mGivenContentInsets=[0,0][0,0] mGivenVisibleInsets=[0,0][0,0]
    mConfiguration={1.0 222mcc10mnc en_US ldltr sw411dp w411dp h659dp 560dpi nrml port finger -keyb/v/h -nav/h s.33}
    mHasSurface=true mShownFrame=[0.0,0.0][1634.0,2560.0] isReadyForDisplay()=false
    mFrame=[0,0][1634,2560] last=[0,0][1634,2560]
    mSystemDecorRect=[0,0][1440,2560] last=[0,0][0,0]
    Frames: containing=[0,0][1440,2560] parent=[0,0][1440,2560]
        display=[-10000,-10000][10000,10000] overscan=[0,0][1440,2560]
        content=[0,0][1440,2560] visible=[0,84][1440,2392]
        decor=[0,0][1440,2560]
        outset=[0,0][1440,2560]
    Cur insets: overscan=[0,0][194,0] content=[0,0][194,0] visible=[0,84][194,168] stable=[0,84][194,168] outsets=[0,0][0,0]
    Lst insets: overscan=[0,0][194,0] content=[0,0][194,0] visible=[0,84][194,168] stable=[0,84][194,168] physical=[0,0][0,0] outset=[0,0][0,0]
    WindowStateAnimator{5021dea com.android.systemui.ImageWallpaper}:
      mAnimating=false mLocalAnimating=false mAnimationIsEntrance=true mAnimation=null
      mSurface=Surface(name=com.android.systemui.ImageWallpaper)
      mDrawState=HAS_DRAWN mLastHidden=true
      Surface: shown=false layer=21000 alpha=1.0 rect=(0.0,0.0) 1634.0 x 2560.0
    mLastFreezeDuration=+6m5s893ms
    mWallpaperX=0.0 mWallpaperY=0.5
    mWallpaperXStep=0.33333334 mWallpaperYStep=1.0

  mCurConfiguration={1.0 222mcc10mnc en_US ldltr sw411dp w411dp h659dp 560dpi nrml port finger -keyb/v/h -nav/h s.33}
  mHasPermanentDpad=false
  mCurrentFocus=Window{767bc25 u0 com.android.chrome/org.chromium.chrome.browser.firstrun.FirstRunActivity}
  mFocusedApp=AppWindowToken{49f7bb5 token=Token{9d186f2 ActivityRecord{3e409fd u0 com.android.chrome/org.chromium.chrome.browser.firstrun.FirstRunActivity t1723}}}
  mInputMethodTarget=Window{96e08d6 u0 com.android.chrome/com.google.android.apps.chrome.Main}
  mInTouchMode=true mLayoutSeq=9365
  mLastDisplayFreezeDuration=+180ms due to Window{c7d2ed8 u0 NavigationBar}
  mSystemDecorLayer=161000 mScreenRect=[0,0][1440,2560]
  mLastStatusBarVisibility=0x8600
  mWallpaperTarget=null
  mLastWallpaperX=0.0 mLastWallpaperY=0.5
  mSystemBooted=true mDisplayEnabled=true
  mTransactionSequence=12782
  mDisplayFrozen=false windows=0 client=false apps=0 waitingForConfig=false
  mRotation=0 mAltOrientation=false
  mLastWindowForcedOrientation=-1 mForcedAppOrientation=-1
  mDeferredRotationPauseCount=0
  Animation settings: disabled=false window=1.0 transition=1.0 animator=1.0
  mTraversalScheduled=false
 mSkipAppTransitionAnimation=false
  mLayoutToAnim:
    mNextAppTransition=TRANSIT_UNSET
    mAppTransitionState=APP_STATE_IDLE

2018-10-15 17:30:09,473:DEBUG:Device:Current activity: com.android.chrome
2018-10-15 17:30:09,511:DEBUG:ExperimentRunner.Adb:KYVKK16119600056: "getprop ro.build.version.release" returned: 
6.0.1

2018-10-15 17:30:09,552:DEBUG:ExperimentRunner.Adb:KYVKK16119600056: "getprop ro.build.version.sdk" returned: 
23

2018-10-15 17:30:09,561:DEBUG:Scripts:Running hook after_launch on device nexus6p (KYVKK16119600056, Android 6.0.1, API level 23)
args: (u'KYVKK16119600056', 'com.android.chrome')
kwargs: {}
2018-10-15 17:30:09,571:INFO:Python2:after_launch.py
2018-10-15 17:30:09,573:DEBUG:Python2:after_launch.py returned None
2018-10-15 17:30:09,612:DEBUG:ExperimentRunner.Adb:KYVKK16119600056: "getprop ro.build.version.release" returned: 
6.0.1

2018-10-15 17:30:09,656:DEBUG:ExperimentRunner.Adb:KYVKK16119600056: "getprop ro.build.version.sdk" returned: 
23

2018-10-15 17:30:09,657:DEBUG:Scripts:Running hook after_launch on device nexus6p (KYVKK16119600056, Android 6.0.1, API level 23)
args: (<ExperimentRunner.Browsers.Chrome.Chrome object at 0x104c56150>,)
kwargs: {}
2018-10-15 17:30:09,665:INFO:Python2:after_launch.py
2018-10-15 17:30:09,666:DEBUG:Python2:after_launch.py returned None
2018-10-15 17:30:09,669:INFO:Profilers:Start profiling
2018-10-15 17:30:09,714:DEBUG:ExperimentRunner.Adb:KYVKK16119600056: "getprop ro.build.version.release" returned: 
6.0.1

2018-10-15 17:30:09,749:DEBUG:ExperimentRunner.Adb:KYVKK16119600056: "getprop ro.build.version.sdk" returned: 
23

2018-10-15 17:30:09,785:DEBUG:ExperimentRunner.Adb:KYVKK16119600056: "getprop ro.build.version.release" returned: 
6.0.1

2018-10-15 17:30:09,820:DEBUG:ExperimentRunner.Adb:KYVKK16119600056: "getprop ro.build.version.sdk" returned: 
23

2018-10-15 17:30:09,821:DEBUG:Android:nexus6p (KYVKK16119600056, Android 6.0.1, API level 23): Start profiling
2018-10-15 17:30:09,856:DEBUG:ExperimentRunner.Adb:KYVKK16119600056: "date -u" returned: 
Mon Oct 15 15:30:10 GMT 2018

2018-10-15 17:30:09,899:DEBUG:ExperimentRunner.Adb:KYVKK16119600056: "dumpsys cpuinfo | grep TOTAL" returned: 
1.5% TOTAL: 0.5% user + 0.5% kernel + 0% iowait + 0.3% irq + 0.1% softirq

2018-10-15 17:30:11,159:DEBUG:ExperimentRunner.Adb:KYVKK16119600056: "dumpsys meminfo | grep Used" returned: 
 Used RAM: 1256706 kB (1058958 used pss + 197748 kernel)

2018-10-15 17:30:11,222:DEBUG:ExperimentRunner.Adb:KYVKK16119600056: "date -u" returned: 
Mon Oct 15 15:30:12 GMT 2018

2018-10-15 17:30:11,223:DEBUG:ExperimentRunner.Adb:KYVKK16119600056: "getprop ro.build.version.release" returned: 
6.0.1

2018-10-15 17:30:11,269:DEBUG:ExperimentRunner.Adb:KYVKK16119600056: "getprop ro.build.version.sdk" returned: 
23

2018-10-15 17:30:11,277:DEBUG:ExperimentRunner.Adb:KYVKK16119600056: "dumpsys cpuinfo | grep TOTAL" returned: 
13% TOTAL: 7.8% user + 4.5% kernel + 0.6% iowait + 0% irq + 0% softirq

2018-10-15 17:30:11,309:DEBUG:ExperimentRunner.Adb:KYVKK16119600056: "getprop ro.build.version.release" returned: 
6.0.1

2018-10-15 17:30:11,349:DEBUG:ExperimentRunner.Adb:KYVKK16119600056: "getprop ro.build.version.sdk" returned: 
23

2018-10-15 17:30:11,350:DEBUG:Trepn:nexus6p (KYVKK16119600056, Android 6.0.1, API level 23): Start profiling
2018-10-15 17:30:12,287:DEBUG:ExperimentRunner.Adb:KYVKK16119600056: "am broadcast -a com.quicinc.trepn.start_profiling" returned: 
Broadcasting: Intent { act=com.quicinc.trepn.start_profiling }
Broadcast completed: result=0

2018-10-15 17:30:12,288:INFO:Chrome:KYVKK16119600056: Load URL: 192.168.0.102:4000
2018-10-15 17:30:12,419:DEBUG:ExperimentRunner.Adb:KYVKK16119600056: "dumpsys meminfo | grep Used" returned: 
 Used RAM: 1167828 kB (969792 used pss + 198036 kernel)

2018-10-15 17:30:12,453:DEBUG:ExperimentRunner.Adb:KYVKK16119600056: "date -u" returned: 
Mon Oct 15 15:30:13 GMT 2018

2018-10-15 17:30:12,499:DEBUG:ExperimentRunner.Adb:KYVKK16119600056: "dumpsys cpuinfo | grep TOTAL" returned: 
13% TOTAL: 7.8% user + 4.5% kernel + 0.6% iowait + 0% irq + 0% softirq

2018-10-15 17:30:12,954:DEBUG:ExperimentRunner.Adb:KYVKK16119600056: "am start -a android.intent.action.VIEW -n com.android.chrome/com.google.android.apps.chrome.Main -d 192.168.0.102:4000" returned: 
Starting: Intent { act=android.intent.action.VIEW dat=192.168.0.102:4000 cmp=com.android.chrome/com.google.android.apps.chrome.Main }

2018-10-15 17:30:13,948:DEBUG:ExperimentRunner.Adb:KYVKK16119600056: "dumpsys meminfo | grep Used" returned: 
 Used RAM: 1191613 kB (993069 used pss + 198544 kernel)

2018-10-15 17:30:13,983:DEBUG:ExperimentRunner.Adb:KYVKK16119600056: "date -u" returned: 
Mon Oct 15 15:30:15 GMT 2018

2018-10-15 17:30:14,028:DEBUG:ExperimentRunner.Adb:KYVKK16119600056: "dumpsys cpuinfo | grep TOTAL" returned: 
13% TOTAL: 7.8% user + 4.5% kernel + 0.6% iowait + 0% irq + 0% softirq

2018-10-15 17:30:15,171:DEBUG:ExperimentRunner.Adb:KYVKK16119600056: "dumpsys meminfo | grep Used" returned: 
 Used RAM: 1193594 kB (994986 used pss + 198608 kernel)

2018-10-15 17:30:15,211:DEBUG:ExperimentRunner.Adb:KYVKK16119600056: "date -u" returned: 
Mon Oct 15 15:30:16 GMT 2018

2018-10-15 17:30:15,261:DEBUG:ExperimentRunner.Adb:KYVKK16119600056: "dumpsys cpuinfo | grep TOTAL" returned: 
13% TOTAL: 7.8% user + 4.5% kernel + 0.6% iowait + 0% irq + 0% softirq

2018-10-15 17:30:16,459:DEBUG:ExperimentRunner.Adb:KYVKK16119600056: "dumpsys meminfo | grep Used" returned: 
 Used RAM: 1196147 kB (997819 used pss + 198328 kernel)

2018-10-15 17:30:16,510:DEBUG:ExperimentRunner.Adb:KYVKK16119600056: "date -u" returned: 
Mon Oct 15 15:30:17 GMT 2018

2018-10-15 17:30:16,558:DEBUG:ExperimentRunner.Adb:KYVKK16119600056: "dumpsys cpuinfo | grep TOTAL" returned: 
28% TOTAL: 12% user + 11% kernel + 4.5% iowait + 0.1% irq + 0.1% softirq

2018-10-15 17:30:17,735:DEBUG:ExperimentRunner.Adb:KYVKK16119600056: "dumpsys meminfo | grep Used" returned: 
 Used RAM: 1192736 kB (994284 used pss + 198452 kernel)

2018-10-15 17:30:17,767:DEBUG:ExperimentRunner.Adb:KYVKK16119600056: "date -u" returned: 
Mon Oct 15 15:30:18 GMT 2018

2018-10-15 17:30:17,802:DEBUG:ExperimentRunner.Adb:KYVKK16119600056: "dumpsys cpuinfo | grep TOTAL" returned: 
28% TOTAL: 12% user + 11% kernel + 4.5% iowait + 0.1% irq + 0.1% softirq

2018-10-15 17:30:17,991:DEBUG:ExperimentRunner.Adb:KYVKK16119600056: "getprop ro.build.version.release" returned: 
6.0.1

2018-10-15 17:30:18,028:DEBUG:ExperimentRunner.Adb:KYVKK16119600056: "getprop ro.build.version.sdk" returned: 
23

2018-10-15 17:30:18,028:DEBUG:Scripts:Running hook interaction on device nexus6p (KYVKK16119600056, Android 6.0.1, API level 23)
args: (<ExperimentRunner.Browsers.Chrome.Chrome object at 0x104c56150>,)
kwargs: {}
2018-10-15 17:30:18,037:INFO:Python2:adb.py
2018-10-15 17:30:19,037:DEBUG:ExperimentRunner.Adb:KYVKK16119600056: "dumpsys meminfo | grep Used" returned: 
 Used RAM: 1167198 kB (973878 used pss + 193320 kernel)

2018-10-15 17:30:19,076:DEBUG:ExperimentRunner.Adb:KYVKK16119600056: "date -u" returned: 
Mon Oct 15 15:30:20 GMT 2018

2018-10-15 17:30:19,123:DEBUG:ExperimentRunner.Adb:KYVKK16119600056: "dumpsys cpuinfo | grep TOTAL" returned: 
28% TOTAL: 12% user + 11% kernel + 4.5% iowait + 0.1% irq + 0.1% softirq

2018-10-15 17:30:20,234:DEBUG:ExperimentRunner.Adb:KYVKK16119600056: "dumpsys meminfo | grep Used" returned: 
 Used RAM: 1190389 kB (993585 used pss + 196804 kernel)

2018-10-15 17:30:20,284:DEBUG:ExperimentRunner.Adb:KYVKK16119600056: "date -u" returned: 
Mon Oct 15 15:30:21 GMT 2018

2018-10-15 17:30:20,329:DEBUG:ExperimentRunner.Adb:KYVKK16119600056: "dumpsys cpuinfo | grep TOTAL" returned: 
28% TOTAL: 12% user + 11% kernel + 4.5% iowait + 0.1% irq + 0.1% softirq

2018-10-15 17:30:21,629:DEBUG:ExperimentRunner.Adb:KYVKK16119600056: "dumpsys meminfo | grep Used" returned: 
 Used RAM: 1284701 kB (1085549 used pss + 199152 kernel)

2018-10-15 17:30:21,662:DEBUG:ExperimentRunner.Adb:KYVKK16119600056: "date -u" returned: 
Mon Oct 15 15:30:22 GMT 2018

2018-10-15 17:30:21,710:DEBUG:ExperimentRunner.Adb:KYVKK16119600056: "dumpsys cpuinfo | grep TOTAL" returned: 
43% TOTAL: 21% user + 16% kernel + 5.8% iowait + 0.3% irq + 0.1% softirq

2018-10-15 17:30:22,989:DEBUG:ExperimentRunner.Adb:KYVKK16119600056: "dumpsys meminfo | grep Used" returned: 
 Used RAM: 1286914 kB (1087238 used pss + 199676 kernel)

2018-10-15 17:30:23,026:DEBUG:ExperimentRunner.Adb:KYVKK16119600056: "date -u" returned: 
Mon Oct 15 15:30:24 GMT 2018

2018-10-15 17:30:23,066:DEBUG:ExperimentRunner.Adb:KYVKK16119600056: "dumpsys cpuinfo | grep TOTAL" returned: 
43% TOTAL: 21% user + 16% kernel + 5.8% iowait + 0.3% irq + 0.1% softirq

2018-10-15 17:30:24,686:DEBUG:ExperimentRunner.Adb:KYVKK16119600056: "dumpsys meminfo | grep Used" returned: 
 Used RAM: 1317899 kB (1103663 used pss + 214236 kernel)

2018-10-15 17:30:24,744:DEBUG:ExperimentRunner.Adb:KYVKK16119600056: "date -u" returned: 
Mon Oct 15 15:30:25 GMT 2018

2018-10-15 17:30:24,794:DEBUG:ExperimentRunner.Adb:KYVKK16119600056: "dumpsys cpuinfo | grep TOTAL" returned: 
43% TOTAL: 21% user + 16% kernel + 5.8% iowait + 0.3% irq + 0.1% softirq

2018-10-15 17:30:26,099:DEBUG:ExperimentRunner.Adb:KYVKK16119600056: "dumpsys meminfo | grep Used" returned: 
 Used RAM: 1428024 kB (1220492 used pss + 207532 kernel)

2018-10-15 17:30:26,139:DEBUG:ExperimentRunner.Adb:KYVKK16119600056: "date -u" returned: 
Mon Oct 15 15:30:27 GMT 2018

2018-10-15 17:30:26,184:DEBUG:ExperimentRunner.Adb:KYVKK16119600056: "dumpsys cpuinfo | grep TOTAL" returned: 
43% TOTAL: 21% user + 16% kernel + 5.8% iowait + 0.3% irq + 0.1% softirq

2018-10-15 17:30:27,443:DEBUG:ExperimentRunner.Adb:KYVKK16119600056: "dumpsys meminfo | grep Used" returned: 
 Used RAM: 1427365 kB (1222729 used pss + 204636 kernel)

2018-10-15 17:30:27,482:DEBUG:ExperimentRunner.Adb:KYVKK16119600056: "date -u" returned: 
Mon Oct 15 15:30:28 GMT 2018

2018-10-15 17:30:27,530:DEBUG:ExperimentRunner.Adb:KYVKK16119600056: "dumpsys cpuinfo | grep TOTAL" returned: 
44% TOTAL: 21% user + 16% kernel + 6.4% iowait + 0.3% irq + 0.3% softirq

2018-10-15 17:30:28,777:DEBUG:ExperimentRunner.Adb:KYVKK16119600056: "dumpsys meminfo | grep Used" returned: 
 Used RAM: 1341466 kB (1137482 used pss + 203984 kernel)

2018-10-15 17:30:28,820:DEBUG:ExperimentRunner.Adb:KYVKK16119600056: "date -u" returned: 
Mon Oct 15 15:30:29 GMT 2018

2018-10-15 17:30:28,866:DEBUG:ExperimentRunner.Adb:KYVKK16119600056: "dumpsys cpuinfo | grep TOTAL" returned: 
44% TOTAL: 21% user + 16% kernel + 6.4% iowait + 0.3% irq + 0.3% softirq

2018-10-15 17:30:30,089:DEBUG:ExperimentRunner.Adb:KYVKK16119600056: "dumpsys meminfo | grep Used" returned: 
 Used RAM: 1336092 kB (1132328 used pss + 203764 kernel)

2018-10-15 17:30:30,133:DEBUG:ExperimentRunner.Adb:KYVKK16119600056: "date -u" returned: 
Mon Oct 15 15:30:31 GMT 2018

2018-10-15 17:30:30,182:DEBUG:ExperimentRunner.Adb:KYVKK16119600056: "dumpsys cpuinfo | grep TOTAL" returned: 
44% TOTAL: 21% user + 16% kernel + 6.4% iowait + 0.3% irq + 0.3% softirq

2018-10-15 17:30:31,429:DEBUG:ExperimentRunner.Adb:KYVKK16119600056: "dumpsys meminfo | grep Used" returned: 
 Used RAM: 1336051 kB (1132583 used pss + 203468 kernel)

2018-10-15 17:30:31,470:DEBUG:ExperimentRunner.Adb:KYVKK16119600056: "date -u" returned: 
Mon Oct 15 15:30:32 GMT 2018

2018-10-15 17:30:31,523:DEBUG:ExperimentRunner.Adb:KYVKK16119600056: "dumpsys cpuinfo | grep TOTAL" returned: 
44% TOTAL: 21% user + 16% kernel + 6.4% iowait + 0.3% irq + 0.3% softirq

2018-10-15 17:30:32,920:DEBUG:ExperimentRunner.Adb:KYVKK16119600056: "dumpsys meminfo | grep Used" returned: 
 Used RAM: 1333868 kB (1123948 used pss + 209920 kernel)

2018-10-15 17:30:32,954:DEBUG:ExperimentRunner.Adb:KYVKK16119600056: "date -u" returned: 
Mon Oct 15 15:30:34 GMT 2018

2018-10-15 17:30:32,995:DEBUG:ExperimentRunner.Adb:KYVKK16119600056: "dumpsys cpuinfo | grep TOTAL" returned: 
33% TOTAL: 12% user + 13% kernel + 7.2% iowait + 0.2% irq + 0.2% softirq

2018-10-15 17:30:34,500:DEBUG:ExperimentRunner.Adb:KYVKK16119600056: "dumpsys meminfo | grep Used" returned: 
 Used RAM: 1357236 kB (1150984 used pss + 206252 kernel)

2018-10-15 17:30:34,532:DEBUG:ExperimentRunner.Adb:KYVKK16119600056: "date -u" returned: 
Mon Oct 15 15:30:35 GMT 2018

2018-10-15 17:30:34,572:DEBUG:ExperimentRunner.Adb:KYVKK16119600056: "dumpsys cpuinfo | grep TOTAL" returned: 
33% TOTAL: 12% user + 13% kernel + 7.2% iowait + 0.2% irq + 0.2% softirq

2018-10-15 17:30:36,089:DEBUG:ExperimentRunner.Adb:KYVKK16119600056: "dumpsys meminfo | grep Used" returned: 
 Used RAM: 1387403 kB (1180379 used pss + 207024 kernel)

2018-10-15 17:30:36,122:DEBUG:ExperimentRunner.Adb:KYVKK16119600056: "date -u" returned: 
Mon Oct 15 15:30:37 GMT 2018

2018-10-15 17:30:36,158:DEBUG:ExperimentRunner.Adb:KYVKK16119600056: "dumpsys cpuinfo | grep TOTAL" returned: 
33% TOTAL: 12% user + 13% kernel + 7.2% iowait + 0.2% irq + 0.2% softirq

2018-10-15 17:30:37,410:DEBUG:ExperimentRunner.Adb:KYVKK16119600056: "dumpsys meminfo | grep Used" returned: 
 Used RAM: 1342337 kB (1134397 used pss + 207940 kernel)

2018-10-15 17:30:37,443:DEBUG:ExperimentRunner.Adb:KYVKK16119600056: "date -u" returned: 
Mon Oct 15 15:30:38 GMT 2018

2018-10-15 17:30:37,483:DEBUG:ExperimentRunner.Adb:KYVKK16119600056: "dumpsys cpuinfo | grep TOTAL" returned: 
33% TOTAL: 12% user + 13% kernel + 7.2% iowait + 0.2% irq + 0.2% softirq

2018-10-15 17:30:38,761:DEBUG:ExperimentRunner.Adb:KYVKK16119600056: "dumpsys meminfo | grep Used" returned: 
 Used RAM: 1341875 kB (1135163 used pss + 206712 kernel)

2018-10-15 17:30:38,821:DEBUG:ExperimentRunner.Adb:KYVKK16119600056: "date -u" returned: 
Mon Oct 15 15:30:39 GMT 2018

2018-10-15 17:30:38,864:DEBUG:ExperimentRunner.Adb:KYVKK16119600056: "dumpsys cpuinfo | grep TOTAL" returned: 
41% TOTAL: 16% user + 15% kernel + 7.8% iowait + 0.3% irq + 0.3% softirq

2018-10-15 17:30:40,089:DEBUG:ExperimentRunner.Adb:KYVKK16119600056: "dumpsys meminfo | grep Used" returned: 
 Used RAM: 1346137 kB (1141401 used pss + 204736 kernel)

2018-10-15 17:30:40,128:DEBUG:ExperimentRunner.Adb:KYVKK16119600056: "date -u" returned: 
Mon Oct 15 15:30:41 GMT 2018

2018-10-15 17:30:40,175:DEBUG:ExperimentRunner.Adb:KYVKK16119600056: "dumpsys cpuinfo | grep TOTAL" returned: 
41% TOTAL: 16% user + 15% kernel + 7.8% iowait + 0.3% irq + 0.3% softirq

2018-10-15 17:30:41,437:DEBUG:ExperimentRunner.Adb:KYVKK16119600056: "dumpsys meminfo | grep Used" returned: 
 Used RAM: 1338522 kB (1134414 used pss + 204108 kernel)

2018-10-15 17:30:41,476:DEBUG:ExperimentRunner.Adb:KYVKK16119600056: "date -u" returned: 
Mon Oct 15 15:30:42 GMT 2018

2018-10-15 17:30:41,518:DEBUG:ExperimentRunner.Adb:KYVKK16119600056: "dumpsys cpuinfo | grep TOTAL" returned: 
41% TOTAL: 16% user + 15% kernel + 7.8% iowait + 0.3% irq + 0.3% softirq

2018-10-15 17:30:42,800:DEBUG:ExperimentRunner.Adb:KYVKK16119600056: "dumpsys meminfo | grep Used" returned: 
 Used RAM: 1343905 kB (1139117 used pss + 204788 kernel)

2018-10-15 17:30:42,843:DEBUG:ExperimentRunner.Adb:KYVKK16119600056: "date -u" returned: 
Mon Oct 15 15:30:43 GMT 2018

2018-10-15 17:30:42,891:DEBUG:ExperimentRunner.Adb:KYVKK16119600056: "dumpsys cpuinfo | grep TOTAL" returned: 
41% TOTAL: 16% user + 15% kernel + 7.8% iowait + 0.3% irq + 0.3% softirq

2018-10-15 17:30:44,116:DEBUG:ExperimentRunner.Adb:KYVKK16119600056: "dumpsys meminfo | grep Used" returned: 
 Used RAM: 1341921 kB (1137185 used pss + 204736 kernel)

2018-10-15 17:30:44,154:DEBUG:ExperimentRunner.Adb:KYVKK16119600056: "date -u" returned: 
Mon Oct 15 15:30:45 GMT 2018

2018-10-15 17:30:44,200:DEBUG:ExperimentRunner.Adb:KYVKK16119600056: "dumpsys cpuinfo | grep TOTAL" returned: 
29% TOTAL: 11% user + 11% kernel + 5.8% iowait + 0.2% irq + 0.2% softirq

2018-10-15 17:30:45,436:DEBUG:ExperimentRunner.Adb:KYVKK16119600056: "dumpsys meminfo | grep Used" returned: 
 Used RAM: 1339543 kB (1135907 used pss + 203636 kernel)

2018-10-15 17:30:45,476:DEBUG:ExperimentRunner.Adb:KYVKK16119600056: "date -u" returned: 
Mon Oct 15 15:30:46 GMT 2018

2018-10-15 17:30:45,524:DEBUG:ExperimentRunner.Adb:KYVKK16119600056: "dumpsys cpuinfo | grep TOTAL" returned: 
29% TOTAL: 11% user + 11% kernel + 5.8% iowait + 0.2% irq + 0.2% softirq

2018-10-15 17:30:46,725:DEBUG:ExperimentRunner.Adb:KYVKK16119600056: "dumpsys meminfo | grep Used" returned: 
 Used RAM: 1337960 kB (1134596 used pss + 203364 kernel)

2018-10-15 17:30:46,769:DEBUG:ExperimentRunner.Adb:KYVKK16119600056: "date -u" returned: 
Mon Oct 15 15:30:47 GMT 2018

2018-10-15 17:30:46,811:DEBUG:ExperimentRunner.Adb:KYVKK16119600056: "dumpsys cpuinfo | grep TOTAL" returned: 
29% TOTAL: 11% user + 11% kernel + 5.8% iowait + 0.2% irq + 0.2% softirq

2018-10-15 17:30:48,344:DEBUG:ExperimentRunner.Adb:KYVKK16119600056: "dumpsys meminfo | grep Used" returned: 
 Used RAM: 1333013 kB (1126121 used pss + 206892 kernel)

2018-10-15 17:30:48,374:DEBUG:ExperimentRunner.Adb:KYVKK16119600056: "date -u" returned: 
Mon Oct 15 15:30:49 GMT 2018

2018-10-15 17:30:48,423:DEBUG:ExperimentRunner.Adb:KYVKK16119600056: "dumpsys cpuinfo | grep TOTAL" returned: 
29% TOTAL: 11% user + 11% kernel + 5.8% iowait + 0.2% irq + 0.2% softirq

2018-10-15 17:30:50,176:DEBUG:ExperimentRunner.Adb:KYVKK16119600056: "dumpsys meminfo | grep Used" returned: 
 Used RAM: 1375533 kB (1168029 used pss + 207504 kernel)

2018-10-15 17:30:50,213:DEBUG:ExperimentRunner.Adb:KYVKK16119600056: "date -u" returned: 
Mon Oct 15 15:30:51 GMT 2018

2018-10-15 17:30:50,257:DEBUG:ExperimentRunner.Adb:KYVKK16119600056: "dumpsys cpuinfo | grep TOTAL" returned: 
39% TOTAL: 18% user + 14% kernel + 6.1% iowait + 0.3% irq + 0.3% softirq

2018-10-15 17:30:51,977:DEBUG:ExperimentRunner.Adb:KYVKK16119600056: "dumpsys meminfo | grep Used" returned: 
 Used RAM: 1394107 kB (1187075 used pss + 207032 kernel)

2018-10-15 17:30:52,018:DEBUG:ExperimentRunner.Adb:KYVKK16119600056: "date -u" returned: 
Mon Oct 15 15:30:53 GMT 2018

2018-10-15 17:30:52,072:DEBUG:ExperimentRunner.Adb:KYVKK16119600056: "dumpsys cpuinfo | grep TOTAL" returned: 
39% TOTAL: 18% user + 14% kernel + 6.1% iowait + 0.3% irq + 0.3% softirq

2018-10-15 17:30:53,800:DEBUG:ExperimentRunner.Adb:KYVKK16119600056: "dumpsys meminfo | grep Used" returned: 
 Used RAM: 1400031 kB (1191139 used pss + 208892 kernel)

2018-10-15 17:30:53,845:DEBUG:ExperimentRunner.Adb:KYVKK16119600056: "date -u" returned: 
Mon Oct 15 15:30:54 GMT 2018

2018-10-15 17:30:53,891:DEBUG:ExperimentRunner.Adb:KYVKK16119600056: "dumpsys cpuinfo | grep TOTAL" returned: 
39% TOTAL: 18% user + 14% kernel + 6.1% iowait + 0.3% irq + 0.3% softirq

2018-10-15 17:30:55,638:DEBUG:ExperimentRunner.Adb:KYVKK16119600056: "dumpsys meminfo | grep Used" returned: 
 Used RAM: 1396421 kB (1191125 used pss + 205296 kernel)

2018-10-15 17:30:55,681:DEBUG:ExperimentRunner.Adb:KYVKK16119600056: "date -u" returned: 
Mon Oct 15 15:30:56 GMT 2018

2018-10-15 17:30:55,724:DEBUG:ExperimentRunner.Adb:KYVKK16119600056: "dumpsys cpuinfo | grep TOTAL" returned: 
0.1% TOTAL: 0% user + 0% kernel + 0% iowait + 0% irq + 0% softirq

2018-10-15 17:30:57,438:DEBUG:ExperimentRunner.Adb:KYVKK16119600056: "dumpsys meminfo | grep Used" returned: 
 Used RAM: 1352675 kB (1141595 used pss + 211080 kernel)

2018-10-15 17:30:57,492:DEBUG:ExperimentRunner.Adb:KYVKK16119600056: "date -u" returned: 
Mon Oct 15 15:30:58 GMT 2018

2018-10-15 17:30:57,542:DEBUG:ExperimentRunner.Adb:KYVKK16119600056: "dumpsys cpuinfo | grep TOTAL" returned: 
0.1% TOTAL: 0% user + 0% kernel + 0% iowait + 0% irq + 0% softirq

2018-10-15 17:30:59,223:DEBUG:ExperimentRunner.Adb:KYVKK16119600056: "dumpsys meminfo | grep Used" returned: 
 Used RAM: 1354665 kB (1150873 used pss + 203792 kernel)

2018-10-15 17:30:59,261:DEBUG:ExperimentRunner.Adb:KYVKK16119600056: "date -u" returned: 
Mon Oct 15 15:31:00 GMT 2018

2018-10-15 17:30:59,308:DEBUG:ExperimentRunner.Adb:KYVKK16119600056: "dumpsys cpuinfo | grep TOTAL" returned: 
0.1% TOTAL: 0% user + 0% kernel + 0% iowait + 0% irq + 0% softirq

2018-10-15 17:31:00,577:DEBUG:ExperimentRunner.Adb:KYVKK16119600056: "dumpsys meminfo | grep Used" returned: 
 Used RAM: 1346355 kB (1142547 used pss + 203808 kernel)

2018-10-15 17:31:00,626:DEBUG:ExperimentRunner.Adb:KYVKK16119600056: "date -u" returned: 
Mon Oct 15 15:31:01 GMT 2018

2018-10-15 17:31:00,677:DEBUG:ExperimentRunner.Adb:KYVKK16119600056: "dumpsys cpuinfo | grep TOTAL" returned: 
0% TOTAL: 0% user + 0% kernel + 0% irq + 0% softirq

2018-10-15 17:31:02,106:DEBUG:ExperimentRunner.Adb:KYVKK16119600056: "dumpsys meminfo | grep Used" returned: 
 Used RAM: 1349952 kB (1153312 used pss + 196640 kernel)

2018-10-15 17:31:02,145:DEBUG:ExperimentRunner.Adb:KYVKK16119600056: "date -u" returned: 
Mon Oct 15 15:31:03 GMT 2018

2018-10-15 17:31:02,187:DEBUG:ExperimentRunner.Adb:KYVKK16119600056: "dumpsys cpuinfo | grep TOTAL" returned: 
0% TOTAL: 0% user + 0% kernel + 0% irq + 0% softirq

2018-10-15 17:31:03,571:DEBUG:ExperimentRunner.Adb:KYVKK16119600056: "dumpsys meminfo | grep Used" returned: 
 Used RAM: 1230208 kB (1032360 used pss + 197848 kernel)

2018-10-15 17:31:03,612:DEBUG:ExperimentRunner.Adb:KYVKK16119600056: "date -u" returned: 
Mon Oct 15 15:31:04 GMT 2018

2018-10-15 17:31:03,664:DEBUG:ExperimentRunner.Adb:KYVKK16119600056: "dumpsys cpuinfo | grep TOTAL" returned: 
0% TOTAL: 0% user + 0% kernel + 0% irq + 0% softirq

2018-10-15 17:31:05,130:DEBUG:ExperimentRunner.Adb:KYVKK16119600056: "dumpsys meminfo | grep Used" returned: 
 Used RAM: 1222770 kB (1022918 used pss + 199852 kernel)

2018-10-15 17:31:05,163:DEBUG:ExperimentRunner.Adb:KYVKK16119600056: "date -u" returned: 
Mon Oct 15 15:31:06 GMT 2018

2018-10-15 17:31:05,199:DEBUG:ExperimentRunner.Adb:KYVKK16119600056: "dumpsys cpuinfo | grep TOTAL" returned: 
0% TOTAL: 0% user + 0% kernel + 0% irq + 0% softirq

2018-10-15 17:31:06,740:DEBUG:ExperimentRunner.Adb:KYVKK16119600056: "dumpsys meminfo | grep Used" returned: 
 Used RAM: 1304525 kB (1103905 used pss + 200620 kernel)

2018-10-15 17:31:06,773:DEBUG:ExperimentRunner.Adb:KYVKK16119600056: "date -u" returned: 
Mon Oct 15 15:31:07 GMT 2018

2018-10-15 17:31:06,813:DEBUG:ExperimentRunner.Adb:KYVKK16119600056: "dumpsys cpuinfo | grep TOTAL" returned: 
0.1% TOTAL: 0% user + 0% kernel + 0% iowait + 0% irq + 0% softirq

2018-10-15 17:31:08,451:DEBUG:ExperimentRunner.Adb:KYVKK16119600056: "dumpsys meminfo | grep Used" returned: 
 Used RAM: 1312170 kB (1109730 used pss + 202440 kernel)

2018-10-15 17:31:08,488:DEBUG:ExperimentRunner.Adb:KYVKK16119600056: "date -u" returned: 
Mon Oct 15 15:31:09 GMT 2018

2018-10-15 17:31:08,532:DEBUG:ExperimentRunner.Adb:KYVKK16119600056: "dumpsys cpuinfo | grep TOTAL" returned: 
0.1% TOTAL: 0% user + 0% kernel + 0% iowait + 0% irq + 0% softirq

2018-10-15 17:31:10,166:DEBUG:ExperimentRunner.Adb:KYVKK16119600056: "dumpsys meminfo | grep Used" returned: 
 Used RAM: 1395353 kB (1192913 used pss + 202440 kernel)

2018-10-15 17:31:10,210:DEBUG:ExperimentRunner.Adb:KYVKK16119600056: "date -u" returned: 
Mon Oct 15 15:31:11 GMT 2018

2018-10-15 17:31:10,252:DEBUG:ExperimentRunner.Adb:KYVKK16119600056: "dumpsys cpuinfo | grep TOTAL" returned: 
0.1% TOTAL: 0% user + 0% kernel + 0% iowait + 0% irq + 0% softirq

2018-10-15 17:31:11,918:DEBUG:ExperimentRunner.Adb:KYVKK16119600056: "dumpsys meminfo | grep Used" returned: 
 Used RAM: 1416528 kB (1213068 used pss + 203460 kernel)

2018-10-15 17:31:11,972:DEBUG:ExperimentRunner.Adb:KYVKK16119600056: "date -u" returned: 
Mon Oct 15 15:31:13 GMT 2018

2018-10-15 17:31:12,025:DEBUG:ExperimentRunner.Adb:KYVKK16119600056: "dumpsys cpuinfo | grep TOTAL" returned: 
54% TOTAL: 26% user + 18% kernel + 7.3% iowait + 0.5% irq + 1% softirq

2018-10-15 17:31:13,725:DEBUG:ExperimentRunner.Adb:KYVKK16119600056: "dumpsys meminfo | grep Used" returned: 
 Used RAM: 1344379 kB (1140675 used pss + 203704 kernel)

2018-10-15 17:31:13,780:DEBUG:ExperimentRunner.Adb:KYVKK16119600056: "date -u" returned: 
Mon Oct 15 15:31:14 GMT 2018

2018-10-15 17:31:13,839:DEBUG:ExperimentRunner.Adb:KYVKK16119600056: "dumpsys cpuinfo | grep TOTAL" returned: 
54% TOTAL: 26% user + 18% kernel + 7.3% iowait + 0.5% irq + 1% softirq

2018-10-15 17:31:15,579:DEBUG:ExperimentRunner.Adb:KYVKK16119600056: "dumpsys meminfo | grep Used" returned: 
 Used RAM: 1343093 kB (1139917 used pss + 203176 kernel)

2018-10-15 17:31:15,622:DEBUG:ExperimentRunner.Adb:KYVKK16119600056: "date -u" returned: 
Mon Oct 15 15:31:16 GMT 2018

2018-10-15 17:31:15,670:DEBUG:ExperimentRunner.Adb:KYVKK16119600056: "dumpsys cpuinfo | grep TOTAL" returned: 
54% TOTAL: 26% user + 18% kernel + 7.3% iowait + 0.5% irq + 1% softirq

2018-10-15 17:31:17,372:DEBUG:ExperimentRunner.Adb:KYVKK16119600056: "dumpsys meminfo | grep Used" returned: 
 Used RAM: 1361062 kB (1157214 used pss + 203848 kernel)

2018-10-15 17:31:17,407:DEBUG:ExperimentRunner.Adb:KYVKK16119600056: "date -u" returned: 
Mon Oct 15 15:31:18 GMT 2018

2018-10-15 17:31:17,448:DEBUG:ExperimentRunner.Adb:KYVKK16119600056: "dumpsys cpuinfo | grep TOTAL" returned: 
40% TOTAL: 16% user + 16% kernel + 7.6% iowait + 0.3% irq + 0.3% softirq

2018-10-15 17:31:18,997:DEBUG:ExperimentRunner.Adb:KYVKK16119600056: "dumpsys meminfo | grep Used" returned: 
 Used RAM: 1341753 kB (1135605 used pss + 206148 kernel)

2018-10-15 17:31:19,036:DEBUG:ExperimentRunner.Adb:KYVKK16119600056: "date -u" returned: 
Mon Oct 15 15:31:20 GMT 2018

2018-10-15 17:31:19,088:DEBUG:ExperimentRunner.Adb:KYVKK16119600056: "dumpsys cpuinfo | grep TOTAL" returned: 
40% TOTAL: 16% user + 16% kernel + 7.6% iowait + 0.3% irq + 0.3% softirq

2018-10-15 17:31:20,774:DEBUG:ExperimentRunner.Adb:KYVKK16119600056: "dumpsys meminfo | grep Used" returned: 
 Used RAM: 1344293 kB (1137457 used pss + 206836 kernel)

2018-10-15 17:31:20,823:DEBUG:ExperimentRunner.Adb:KYVKK16119600056: "date -u" returned: 
Mon Oct 15 15:31:21 GMT 2018

2018-10-15 17:31:20,877:DEBUG:ExperimentRunner.Adb:KYVKK16119600056: "dumpsys cpuinfo | grep TOTAL" returned: 
40% TOTAL: 16% user + 16% kernel + 7.6% iowait + 0.3% irq + 0.3% softirq

2018-10-15 17:31:22,607:DEBUG:ExperimentRunner.Adb:KYVKK16119600056: "dumpsys meminfo | grep Used" returned: 
 Used RAM: 1347440 kB (1140244 used pss + 207196 kernel)

2018-10-15 17:31:22,644:DEBUG:ExperimentRunner.Adb:KYVKK16119600056: "date -u" returned: 
Mon Oct 15 15:31:23 GMT 2018

2018-10-15 17:31:22,686:DEBUG:ExperimentRunner.Adb:KYVKK16119600056: "dumpsys cpuinfo | grep TOTAL" returned: 
49% TOTAL: 23% user + 17% kernel + 7.8% iowait + 0.4% irq + 0.3% softirq

2018-10-15 17:31:24,432:DEBUG:ExperimentRunner.Adb:KYVKK16119600056: "dumpsys meminfo | grep Used" returned: 
 Used RAM: 1346676 kB (1139420 used pss + 207256 kernel)

2018-10-15 17:31:24,506:DEBUG:ExperimentRunner.Adb:KYVKK16119600056: "date -u" returned: 
Mon Oct 15 15:31:25 GMT 2018

2018-10-15 17:31:24,557:DEBUG:ExperimentRunner.Adb:KYVKK16119600056: "dumpsys cpuinfo | grep TOTAL" returned: 
49% TOTAL: 23% user + 17% kernel + 7.8% iowait + 0.4% irq + 0.3% softirq

2018-10-15 17:31:26,316:DEBUG:ExperimentRunner.Adb:KYVKK16119600056: "dumpsys meminfo | grep Used" returned: 
 Used RAM: 1344619 kB (1137275 used pss + 207344 kernel)

2018-10-15 17:31:26,363:DEBUG:ExperimentRunner.Adb:KYVKK16119600056: "date -u" returned: 
Mon Oct 15 15:31:27 GMT 2018

2018-10-15 17:31:26,413:DEBUG:ExperimentRunner.Adb:KYVKK16119600056: "dumpsys cpuinfo | grep TOTAL" returned: 
49% TOTAL: 23% user + 17% kernel + 7.8% iowait + 0.4% irq + 0.3% softirq

2018-10-15 17:31:28,160:DEBUG:ExperimentRunner.Adb:KYVKK16119600056: "dumpsys meminfo | grep Used" returned: 
 Used RAM: 1348167 kB (1140927 used pss + 207240 kernel)

2018-10-15 17:31:28,198:DEBUG:ExperimentRunner.Adb:KYVKK16119600056: "date -u" returned: 
Mon Oct 15 15:31:29 GMT 2018

2018-10-15 17:31:28,246:DEBUG:ExperimentRunner.Adb:KYVKK16119600056: "dumpsys cpuinfo | grep TOTAL" returned: 
39% TOTAL: 14% user + 15% kernel + 7.6% iowait + 0.4% irq + 0.3% softirq

2018-10-15 17:31:29,765:DEBUG:ExperimentRunner.Adb:KYVKK16119600056: "dumpsys meminfo | grep Used" returned: 
 Used RAM: 1348225 kB (1141141 used pss + 207084 kernel)

2018-10-15 17:31:29,807:DEBUG:ExperimentRunner.Adb:KYVKK16119600056: "date -u" returned: 
Mon Oct 15 15:31:30 GMT 2018

2018-10-15 17:31:29,852:DEBUG:ExperimentRunner.Adb:KYVKK16119600056: "dumpsys cpuinfo | grep TOTAL" returned: 
39% TOTAL: 14% user + 15% kernel + 7.6% iowait + 0.4% irq + 0.3% softirq

2018-10-15 17:31:31,101:DEBUG:ExperimentRunner.Adb:KYVKK16119600056: "dumpsys meminfo | grep Used" returned: 
 Used RAM: 1346209 kB (1139221 used pss + 206988 kernel)

2018-10-15 17:31:31,140:DEBUG:ExperimentRunner.Adb:KYVKK16119600056: "date -u" returned: 
Mon Oct 15 15:31:32 GMT 2018

2018-10-15 17:31:31,183:DEBUG:ExperimentRunner.Adb:KYVKK16119600056: "dumpsys cpuinfo | grep TOTAL" returned: 
39% TOTAL: 14% user + 15% kernel + 7.6% iowait + 0.4% irq + 0.3% softirq

2018-10-15 17:31:32,663:DEBUG:ExperimentRunner.Adb:KYVKK16119600056: "dumpsys meminfo | grep Used" returned: 
 Used RAM: 1345266 kB (1137586 used pss + 207680 kernel)

2018-10-15 17:31:32,703:DEBUG:ExperimentRunner.Adb:KYVKK16119600056: "date -u" returned: 
Mon Oct 15 15:31:33 GMT 2018

2018-10-15 17:31:32,749:DEBUG:ExperimentRunner.Adb:KYVKK16119600056: "dumpsys cpuinfo | grep TOTAL" returned: 
39% TOTAL: 14% user + 15% kernel + 7.6% iowait + 0.4% irq + 0.3% softirq

2018-10-15 17:31:34,519:DEBUG:ExperimentRunner.Adb:KYVKK16119600056: "dumpsys meminfo | grep Used" returned: 
 Used RAM: 1352113 kB (1143941 used pss + 208172 kernel)

2018-10-15 17:31:34,551:DEBUG:ExperimentRunner.Adb:KYVKK16119600056: "date -u" returned: 
Mon Oct 15 15:31:35 GMT 2018

2018-10-15 17:31:34,589:DEBUG:ExperimentRunner.Adb:KYVKK16119600056: "dumpsys cpuinfo | grep TOTAL" returned: 
41% TOTAL: 17% user + 15% kernel + 7.6% iowait + 0.2% irq + 0.2% softirq

2018-10-15 17:31:36,307:DEBUG:ExperimentRunner.Adb:KYVKK16119600056: "dumpsys meminfo | grep Used" returned: 
 Used RAM: 1347236 kB (1139096 used pss + 208140 kernel)

2018-10-15 17:31:36,353:DEBUG:ExperimentRunner.Adb:KYVKK16119600056: "date -u" returned: 
Mon Oct 15 15:31:37 GMT 2018

2018-10-15 17:31:36,395:DEBUG:ExperimentRunner.Adb:KYVKK16119600056: "dumpsys cpuinfo | grep TOTAL" returned: 
41% TOTAL: 17% user + 15% kernel + 7.6% iowait + 0.2% irq + 0.2% softirq

2018-10-15 17:31:38,462:DEBUG:ExperimentRunner.Adb:KYVKK16119600056: "dumpsys meminfo | grep Used" returned: 
 Used RAM: 1345122 kB (1134206 used pss + 210916 kernel)

2018-10-15 17:31:38,503:DEBUG:ExperimentRunner.Adb:KYVKK16119600056: "date -u" returned: 
Mon Oct 15 15:31:39 GMT 2018

2018-10-15 17:31:38,547:DEBUG:ExperimentRunner.Adb:KYVKK16119600056: "dumpsys cpuinfo | grep TOTAL" returned: 
41% TOTAL: 17% user + 15% kernel + 7.6% iowait + 0.2% irq + 0.2% softirq

2018-10-15 17:31:41,006:DEBUG:ExperimentRunner.Adb:KYVKK16119600056: "dumpsys meminfo | grep Used" returned: 
 Used RAM: 1347745 kB (1137581 used pss + 210164 kernel)

2018-10-15 17:31:41,063:DEBUG:ExperimentRunner.Adb:KYVKK16119600056: "date -u" returned: 
Mon Oct 15 15:31:42 GMT 2018

2018-10-15 17:31:41,114:DEBUG:ExperimentRunner.Adb:KYVKK16119600056: "dumpsys cpuinfo | grep TOTAL" returned: 
0.2% TOTAL: 0% user + 0% kernel + 0.1% iowait + 0% irq + 0% softirq

2018-10-15 17:31:43,148:DEBUG:ExperimentRunner.Adb:KYVKK16119600056: "dumpsys meminfo | grep Used" returned: 
 Used RAM: 1352224 kB (1141976 used pss + 210248 kernel)

2018-10-15 17:31:43,210:DEBUG:ExperimentRunner.Adb:KYVKK16119600056: "date -u" returned: 
Mon Oct 15 15:31:44 GMT 2018

2018-10-15 17:31:43,258:DEBUG:ExperimentRunner.Adb:KYVKK16119600056: "dumpsys cpuinfo | grep TOTAL" returned: 
0.2% TOTAL: 0% user + 0% kernel + 0.1% iowait + 0% irq + 0% softirq

2018-10-15 17:31:45,025:DEBUG:ExperimentRunner.Adb:KYVKK16119600056: "dumpsys meminfo | grep Used" returned: 
 Used RAM: 1346707 kB (1137787 used pss + 208920 kernel)

2018-10-15 17:31:45,075:DEBUG:ExperimentRunner.Adb:KYVKK16119600056: "date -u" returned: 
Mon Oct 15 15:31:46 GMT 2018

2018-10-15 17:31:45,103:DEBUG:Python2:adb.py returned None
2018-10-15 17:31:45,106:INFO:Profilers:Stop profiling
2018-10-15 17:31:45,129:DEBUG:ExperimentRunner.Adb:KYVKK16119600056: "dumpsys cpuinfo | grep TOTAL" returned: 
0.2% TOTAL: 0% user + 0% kernel + 0.1% iowait + 0% irq + 0% softirq

2018-10-15 17:31:45,139:DEBUG:ExperimentRunner.Adb:KYVKK16119600056: "getprop ro.build.version.release" returned: 
6.0.1

2018-10-15 17:31:45,179:DEBUG:ExperimentRunner.Adb:KYVKK16119600056: "getprop ro.build.version.sdk" returned: 
23

2018-10-15 17:31:45,215:DEBUG:ExperimentRunner.Adb:KYVKK16119600056: "getprop ro.build.version.release" returned: 
6.0.1

2018-10-15 17:31:45,253:DEBUG:ExperimentRunner.Adb:KYVKK16119600056: "getprop ro.build.version.sdk" returned: 
23

2018-10-15 17:31:45,254:DEBUG:Android:nexus6p (KYVKK16119600056, Android 6.0.1, API level 23): Stop profiling
2018-10-15 17:31:45,299:DEBUG:ExperimentRunner.Adb:KYVKK16119600056: "getprop ro.build.version.release" returned: 
6.0.1

2018-10-15 17:31:45,336:DEBUG:ExperimentRunner.Adb:KYVKK16119600056: "getprop ro.build.version.sdk" returned: 
23

2018-10-15 17:31:45,373:DEBUG:ExperimentRunner.Adb:KYVKK16119600056: "getprop ro.build.version.release" returned: 
6.0.1

2018-10-15 17:31:45,410:DEBUG:ExperimentRunner.Adb:KYVKK16119600056: "getprop ro.build.version.sdk" returned: 
23

2018-10-15 17:31:45,411:DEBUG:Trepn:nexus6p (KYVKK16119600056, Android 6.0.1, API level 23): Stop profiling
2018-10-15 17:31:46,444:DEBUG:ExperimentRunner.Adb:KYVKK16119600056: "am broadcast -a com.quicinc.trepn.stop_profiling" returned: 
Broadcasting: Intent { act=com.quicinc.trepn.stop_profiling }
Broadcast completed: result=0

2018-10-15 17:31:46,511:DEBUG:ExperimentRunner.Adb:KYVKK16119600056: "getprop ro.build.version.release" returned: 
6.0.1

2018-10-15 17:31:46,561:DEBUG:ExperimentRunner.Adb:KYVKK16119600056: "getprop ro.build.version.sdk" returned: 
23

2018-10-15 17:31:46,561:DEBUG:Scripts:Running hook before_close on device nexus6p (KYVKK16119600056, Android 6.0.1, API level 23)
args: (<ExperimentRunner.Browsers.Chrome.Chrome object at 0x104c56150>,)
kwargs: {}
2018-10-15 17:31:46,568:INFO:Python2:before_close.py
2018-10-15 17:31:46,569:DEBUG:Python2:before_close.py returned None
2018-10-15 17:31:46,626:DEBUG:ExperimentRunner.Adb:KYVKK16119600056: "dumpsys window windows" returned: 
WINDOW MANAGER WINDOWS (dumpsys window windows)
  Window #7 Window{c7d2ed8 u0 NavigationBar}:
    mDisplayId=0 stackId=0 mSession=Session{f545a7 6639:u0a10027} mClient=android.os.BinderProxy@df369bb
    mOwnerUid=10027 mShowToOwnerOnly=false package=com.android.systemui appop=NONE
    mAttrs=WM.LayoutParams{(0,0)(fillxfill) sim=#20 ty=2019 fl=#1840068 fmt=-3}
    Requested w=1440 h=168 mLayoutSeq=9521
    mBaseLayer=211000 mSubLayer=0 mAnimLayer=211000+0=211000 mLastLayer=211000
    mToken=WindowToken{1d5d59a null}
    mRootToken=WindowToken{1d5d59a null}
    mViewVisibility=0x0 mHaveFrame=true mObscured=false
    mSeq=0 mSystemUiVisibility=0x0
    mGivenContentInsets=[0,0][0,0] mGivenVisibleInsets=[0,0][0,0]
    mConfiguration={1.0 222mcc10mnc en_US ldltr sw411dp w411dp h659dp 560dpi nrml port finger -keyb/v/h -nav/h s.33}
    mHasSurface=true mShownFrame=[0.0,2392.0][1440.0,2560.0] isReadyForDisplay()=true
    mFrame=[0,2392][1440,2560] last=[0,2392][1440,2560]
    mSystemDecorRect=[0,0][1440,168] last=[0,0][0,0]
    Frames: containing=[0,2392][1440,2560] parent=[0,2392][1440,2560]
        display=[0,2392][1440,2560] overscan=[0,2392][1440,2560]
        content=[0,2392][1440,2560] visible=[0,2392][1440,2560]
        decor=[0,0][0,0]
        outset=[0,2392][1440,2560]
    Cur insets: overscan=[0,0][0,0] content=[0,0][0,0] visible=[0,0][0,0] stable=[0,0][0,0] outsets=[0,0][0,0]
    Lst insets: overscan=[0,0][0,0] content=[0,0][0,0] visible=[0,0][0,0] stable=[0,0][0,0] physical=[0,0][0,0] outset=[0,0][0,0]
    WindowStateAnimator{3748042 NavigationBar}:
      mAnimating=false mLocalAnimating=false mAnimationIsEntrance=true mAnimation=null
      mSurface=Surface(name=NavigationBar)
      mDrawState=HAS_DRAWN mLastHidden=false
      Surface: shown=true layer=211000 alpha=1.0 rect=(0.0,2392.0) 1440.0 x 168.0
    mLastFreezeDuration=+167ms
  Window #6 Window{6200af2 u0 StatusBar}:
    mDisplayId=0 stackId=0 mSession=Session{f545a7 6639:u0a10027} mClient=android.os.BinderProxy@60a1dfd
    mOwnerUid=10027 mShowToOwnerOnly=false package=com.android.systemui appop=NONE
    mAttrs=WM.LayoutParams{(0,0)(fillx84) gr=#30 sim=#10 ty=2000 fl=#81840048 fmt=-3 vsysui=0x600}
    Requested w=1440 h=84 mLayoutSeq=9521
    mBaseLayer=161000 mSubLayer=0 mAnimLayer=161000+0=161000 mLastLayer=161000
    mToken=WindowToken{1d5d59a null}
    mRootToken=WindowToken{1d5d59a null}
    mViewVisibility=0x0 mHaveFrame=true mObscured=false
    mSeq=0 mSystemUiVisibility=0x600
    mGivenContentInsets=[0,0][0,0] mGivenVisibleInsets=[0,0][0,0]
    mConfiguration={1.0 222mcc10mnc en_US ldltr sw411dp w411dp h659dp 560dpi nrml port finger -keyb/v/h -nav/h s.33}
    mHasSurface=true mShownFrame=[0.0,0.0][1440.0,84.0] isReadyForDisplay()=true
    mFrame=[0,0][1440,84] last=[0,0][1440,84]
    mSystemDecorRect=[0,0][1440,84] last=[0,0][0,0]
    Frames: containing=[0,0][1440,2560] parent=[0,0][1440,2560]
        display=[0,0][1440,2560] overscan=[0,0][1440,2392]
        content=[0,0][1440,84] visible=[0,0][1440,84]
        decor=[0,0][0,0]
        outset=[0,0][1440,2392]
    Cur insets: overscan=[0,0][0,0] content=[0,0][0,0] visible=[0,0][0,0] stable=[0,0][0,0] outsets=[0,0][0,0]
    Lst insets: overscan=[0,0][0,0] content=[0,0][0,0] visible=[0,0][0,0] stable=[0,0][0,0] physical=[0,0][0,0] outset=[0,0][0,0]
    WindowStateAnimator{6dcd68d StatusBar}:
      mSurface=Surface(name=StatusBar)
      mDrawState=HAS_DRAWN mLastHidden=false
      Surface: shown=true layer=161000 alpha=1.0 rect=(0.0,0.0) 1440.0 x 84.0
    mLastFreezeDuration=+141ms
    mDrawLock=WakeLock{82bb166 held=false, refCount=0}
  Window #5 Window{2bde638 u0 KeyguardScrim}:
    mDisplayId=0 stackId=0 mSession=Session{1183fa8 5094:1000} mClient=android.view.ViewRootImpl$W@230e29b
    mOwnerUid=1000 mShowToOwnerOnly=false package=android appop=NONE
    mAttrs=WM.LayoutParams{(0,0)(fillxfill) sim=#10 ty=2029 fl=#1110900 pfl=0x1 fmt=-3 or=5 vsysui=0x3610000}
    Requested w=1440 h=2392 mLayoutSeq=32
    mBaseLayer=141000 mSubLayer=0 mAnimLayer=141000+0=141000 mLastLayer=141000
    mToken=WindowToken{1d5d59a null}
    mRootToken=WindowToken{1d5d59a null}
    mViewVisibility=0x8 mHaveFrame=true mObscured=false
    mSeq=0 mSystemUiVisibility=0x3610000
    mGivenContentInsets=[0,0][0,0] mGivenVisibleInsets=[0,0][0,0]
    mConfiguration={1.0 222mcc10mnc en_US ldltr sw411dp w411dp h659dp 560dpi nrml port finger -keyb/v/h -nav/h s.33}
    mHasSurface=false mShownFrame=[0.0,0.0][1440.0,2392.0] isReadyForDisplay()=false
    mFrame=[0,0][1440,2392] last=[0,0][1440,2392]
    mSystemDecorRect=[0,0][1440,2392] last=[0,0][0,0]
    Frames: containing=[0,0][1440,2392] parent=[0,0][1440,2392]
        display=[0,0][1440,2392] overscan=[0,0][1440,2560]
        content=[0,84][1440,2392] visible=[0,84][1440,2392]
        decor=[0,0][1440,2560]
        outset=[0,0][0,0]
    Cur insets: overscan=[0,0][0,0] content=[0,84][0,0] visible=[0,84][0,0] stable=[0,84][0,0] outsets=[0,0][0,0]
    Lst insets: overscan=[0,0][0,0] content=[0,84][0,0] visible=[0,84][0,0] stable=[0,84][0,0] physical=[0,0][0,0] outset=[0,0][0,0]
    WindowStateAnimator{c70bb24 KeyguardScrim}:
  Window #4 Window{f6bf87 u0 AssistPreviewPanel}:
    mDisplayId=0 stackId=0 mSession=Session{f545a7 6639:u0a10027} mClient=android.os.BinderProxy@a3123c6
    mOwnerUid=10027 mShowToOwnerOnly=true package=com.android.systemui appop=NONE
    mAttrs=WM.LayoutParams{(0,0)(fillx875) gr=#800053 sim=#31 ty=2033 fl=#1000118 fmt=-3 vsysui=0x700}
    Requested w=0 h=0 mLayoutSeq=8210
    mBaseLayer=41000 mSubLayer=0 mAnimLayer=41000+0=41000 mLastLayer=0
    mToken=WindowToken{1d5d59a null}
    mRootToken=WindowToken{1d5d59a null}
    mViewVisibility=0x8 mHaveFrame=true mObscured=false
    mSeq=0 mSystemUiVisibility=0x700
    mGivenContentInsets=[0,0][0,0] mGivenVisibleInsets=[0,0][0,0]
    mConfiguration={1.0 222mcc10mnc en_US ldltr sw411dp w411dp h659dp 560dpi nrml port finger -keyb/v/h -nav/h s.33}
    mHasSurface=false mShownFrame=[0.0,0.0][0.0,0.0] isReadyForDisplay()=false
    mFrame=[0,2392][1440,2392] last=[0,0][0,0]
    mSystemDecorRect=[0,0][0,0] last=[0,0][0,0]
    Frames: containing=[0,0][1440,2392] parent=[0,0][1440,2392]
        display=[0,0][1440,2392] overscan=[0,0][1440,2392]
        content=[0,2392][1440,2392] visible=[0,2392][1440,2392]
        decor=[0,84][1440,2392]
        outset=[0,0][0,0]
    Cur insets: overscan=[0,0][0,0] content=[0,0][0,0] visible=[0,0][0,0] stable=[0,0][0,0] outsets=[0,0][0,0]
    Lst insets: overscan=[0,0][0,0] content=[0,0][0,0] visible=[0,0][0,0] stable=[0,0][0,0] physical=[0,0][0,0] outset=[0,0][0,0]
    WindowStateAnimator{6999328 AssistPreviewPanel}:
      mShownAlpha=0.0 mAlpha=1.0 mLastAlpha=0.0
  Window #3 Window{8e3be4e u0 InputMethod}:
    mDisplayId=0 stackId=0 mSession=Session{4226113 7039:u0a10056} mClient=android.os.BinderProxy@8615549
    mOwnerUid=10056 mShowToOwnerOnly=true package=com.google.android.inputmethod.latin appop=NONE
    mAttrs=WM.LayoutParams{(0,0)(fillxfill) gr=#50 sim=#20 ty=2011 fl=#800108 fmt=-2 wanim=0x1030056 vsysui=0x300 needsMenuKey=2}
    Requested w=1440 h=2476 mLayoutSeq=9447
    mIsImWindow=true mIsWallpaper=false mIsFloatingLayer=true mWallpaperVisible=false
    mBaseLayer=121000 mSubLayer=0 mAnimLayer=21015+0=21015 mLastLayer=21025
    mToken=WindowToken{84345c1 android.os.Binder@bd6c25d}
    mRootToken=WindowToken{84345c1 android.os.Binder@bd6c25d}
    mTargetAppToken=AppWindowToken{4d3f777 token=Token{7e29f95 ActivityRecord{a0b634c u0 com.android.chrome/com.google.android.apps.chrome.Main t1727}}}
    mViewVisibility=0x8 mHaveFrame=true mObscured=false
    mSeq=0 mSystemUiVisibility=0x300
    mGivenContentInsets=[0,1321][0,0] mGivenVisibleInsets=[0,1321][0,0]
    mTouchableInsets=3 mGivenInsetsPending=false
    touchable region=SkRegion((0,1405,1440,2392))
    mConfiguration={1.0 222mcc10mnc en_US ldltr sw411dp w411dp h659dp 560dpi nrml port finger -keyb/v/h -nav/h s.33}
    mHasSurface=false mShownFrame=[0.0,84.0][1440.0,2560.0] isReadyForDisplay()=false
    mFrame=[0,84][1440,2560] last=[0,84][1440,2560]
    mSystemDecorRect=[0,0][1440,2476] last=[0,0][0,0]
    Frames: containing=[0,84][1440,2560] parent=[0,84][1440,2560]
        display=[0,84][1440,2560] overscan=[0,84][1440,2560]
        content=[0,84][1440,2392] visible=[0,84][1440,2392]
        decor=[0,0][0,0]
        outset=[0,0][0,0]
    Cur insets: overscan=[0,0][0,0] content=[0,0][0,168] visible=[0,0][0,168] stable=[0,0][0,168] outsets=[0,0][0,0]
    Lst insets: overscan=[0,0][0,0] content=[0,0][0,168] visible=[0,0][0,168] stable=[0,0][0,168] physical=[0,0][0,0] outset=[0,0][0,0]
    WindowStateAnimator{7dc2eb6 InputMethod}:
      mShownAlpha=1.0 mAlpha=1.0 mLastAlpha=0.0
  Window #2 Window{594aa27 u0 com.google.android.googlequicksearchbox/com.google.android.launcher.GEL}:
    mDisplayId=0 stackId=0 mSession=Session{acb6318 7163:u0a10029} mClient=android.os.BinderProxy@7f94e6
    mOwnerUid=10029 mShowToOwnerOnly=true package=com.google.android.googlequicksearchbox appop=NONE
    mAttrs=WM.LayoutParams{(0,0)(fillxfill) sim=#120 ty=1 fl=#81910100 fmt=-3 wanim=0x103045b vsysui=0x700 needsMenuKey=2}
    Requested w=1440 h=2560 mLayoutSeq=9521
    mBaseLayer=21000 mSubLayer=0 mAnimLayer=21010+0=21010 mLastLayer=21010
    mToken=AppWindowToken{b229449 token=Token{5fc2a50 ActivityRecord{79bc813 u0 com.google.android.googlequicksearchbox/com.google.android.launcher.GEL t1464}}}
    mRootToken=AppWindowToken{b229449 token=Token{5fc2a50 ActivityRecord{79bc813 u0 com.google.android.googlequicksearchbox/com.google.android.launcher.GEL t1464}}}
    mAppToken=AppWindowToken{b229449 token=Token{5fc2a50 ActivityRecord{79bc813 u0 com.google.android.googlequicksearchbox/com.google.android.launcher.GEL t1464}}}
    mViewVisibility=0x0 mHaveFrame=true mObscured=false
    mSeq=0 mSystemUiVisibility=0x700
    mGivenContentInsets=[0,0][0,0] mGivenVisibleInsets=[0,0][0,0]
    mConfiguration={1.0 222mcc10mnc en_US ldltr sw411dp w411dp h659dp 560dpi nrml port finger -keyb/v/h -nav/h s.33}
    mHasSurface=true mShownFrame=[0.0,0.0][1440.0,2560.0] isReadyForDisplay()=true
    mFrame=[0,0][1440,2560] last=[0,0][1440,2560]
    mSystemDecorRect=[0,0][1440,2560] last=[0,0][0,0]
    Frames: containing=[0,0][1440,2560] parent=[0,0][1440,2560]
        display=[0,0][1440,2560] overscan=[0,0][1440,2560]
        content=[0,84][1440,2392] visible=[0,84][1440,2392]
        decor=[0,0][1440,2560]
        outset=[0,0][0,0]
    Cur insets: overscan=[0,0][0,0] content=[0,84][0,168] visible=[0,84][0,168] stable=[0,84][0,168] outsets=[0,0][0,0]
    Lst insets: overscan=[0,0][0,0] content=[0,84][0,168] visible=[0,84][0,168] stable=[0,84][0,168] physical=[0,0][0,0] outset=[0,0][0,0]
    WindowStateAnimator{d59d55d com.google.android.googlequicksearchbox/com.google.android.launcher.GEL}:
      mSurface=Surface(name=com.google.android.googlequicksearchbox/com.google.android.launcher.GEL)
      mDrawState=HAS_DRAWN mLastHidden=false
      Surface: shown=true layer=21010 alpha=1.0 rect=(0.0,0.0) 1440.0 x 2560.0
    mWallpaperX=0.0 mWallpaperY=0.5
    mWallpaperXStep=0.33333334 mWallpaperYStep=1.0
  Window #1 Window{85f07b5 u0 com.android.systemui/com.android.systemui.recents.RecentsActivity}:
    mDisplayId=0 stackId=0 mSession=Session{f545a7 6639:u0a10027} mClient=android.os.BinderProxy@dd5d7ec
    mOwnerUid=10027 mShowToOwnerOnly=true package=com.android.systemui appop=NONE
    mAttrs=WM.LayoutParams{(0,0)(fillxfill) sim=#120 ty=1 fl=#81910100 fmt=-2 wanim=0x7f0e0005 vsysui=0x700 needsMenuKey=2}
    Requested w=1440 h=2560 mLayoutSeq=8711
    mBaseLayer=21000 mSubLayer=0 mAnimLayer=21005+0=21005 mLastLayer=22005
    mToken=AppWindowToken{74fb5e token=Token{84c1c99 ActivityRecord{95061e0 u0 com.android.systemui/.recents.RecentsActivity t1481}}}
    mRootToken=AppWindowToken{74fb5e token=Token{84c1c99 ActivityRecord{95061e0 u0 com.android.systemui/.recents.RecentsActivity t1481}}}
    mAppToken=AppWindowToken{74fb5e token=Token{84c1c99 ActivityRecord{95061e0 u0 com.android.systemui/.recents.RecentsActivity t1481}}}
    mViewVisibility=0x8 mHaveFrame=true mObscured=false
    mSeq=0 mSystemUiVisibility=0x700
    mGivenContentInsets=[0,0][0,0] mGivenVisibleInsets=[0,0][0,0]
    mConfiguration={1.0 222mcc10mnc en_US ldltr sw411dp w411dp h659dp 560dpi nrml port finger -keyb/v/h -nav/h s.33}
    mHasSurface=false mShownFrame=[0.0,0.0][1440.0,2560.0] isReadyForDisplay()=false
    mFrame=[0,0][1440,2560] last=[0,0][1440,2560]
    mSystemDecorRect=[0,0][1440,2560] last=[0,0][0,0]
    Frames: containing=[0,0][1440,2560] parent=[0,0][1440,2560]
        display=[0,0][1440,2560] overscan=[0,0][1440,2560]
        content=[0,84][1440,2392] visible=[0,84][1440,2392]
        decor=[0,0][1440,2560]
        outset=[0,0][0,0]
    Cur insets: overscan=[0,0][0,0] content=[0,84][0,168] visible=[0,84][0,168] stable=[0,84][0,168] outsets=[0,0][0,0]
    Lst insets: overscan=[0,0][0,0] content=[0,84][0,168] visible=[0,84][0,168] stable=[0,84][0,168] physical=[0,0][0,0] outset=[0,0][0,0]
    WindowStateAnimator{1305ed2 com.android.systemui/com.android.systemui.recents.RecentsActivity}:
      mShownAlpha=1.0 mAlpha=1.0 mLastAlpha=0.0
  Window #0 Window{e2f8e6d u0 com.android.systemui.ImageWallpaper}:
    mDisplayId=0 stackId=0 mSession=Session{f545a7 6639:u0a10027} mClient=android.os.BinderProxy@fbde684
    mOwnerUid=10027 mShowToOwnerOnly=true package=com.android.systemui appop=NONE
    mAttrs=WM.LayoutParams{(0,0)(1634x2560) gr=#800033 ty=2013 fl=#318 fmt=2 wanim=0x10302ea}
    Requested w=1634 h=2560 mLayoutSeq=9521
    mIsImWindow=false mIsWallpaper=true mIsFloatingLayer=true mWallpaperVisible=true
    mBaseLayer=21000 mSubLayer=0 mAnimLayer=21000+0=21000 mLastLayer=21000
    mToken=WindowToken{e3d0ecb android.os.Binder@26003ed}
    mRootToken=WindowToken{e3d0ecb android.os.Binder@26003ed}
    mViewVisibility=0x0 mHaveFrame=true mObscured=false
    mSeq=0 mSystemUiVisibility=0x0
    mGivenContentInsets=[0,0][0,0] mGivenVisibleInsets=[0,0][0,0]
    mConfiguration={1.0 222mcc10mnc en_US ldltr sw411dp w411dp h659dp 560dpi nrml port finger -keyb/v/h -nav/h s.33}
    mHasSurface=true mShownFrame=[0.0,0.0][1634.0,2560.0] isReadyForDisplay()=true
    mFrame=[0,0][1634,2560] last=[0,0][1634,2560]
    mSystemDecorRect=[0,0][1440,2560] last=[0,0][0,0]
    Frames: containing=[0,0][1440,2560] parent=[0,0][1440,2560]
        display=[-10000,-10000][10000,10000] overscan=[0,0][1440,2560]
        content=[0,0][1440,2560] visible=[0,84][1440,2392]
        decor=[0,0][1440,2560]
        outset=[0,0][1440,2560]
    Cur insets: overscan=[0,0][194,0] content=[0,0][194,0] visible=[0,84][194,168] stable=[0,84][194,168] outsets=[0,0][0,0]
    Lst insets: overscan=[0,0][194,0] content=[0,0][194,0] visible=[0,84][194,168] stable=[0,84][194,168] physical=[0,0][0,0] outset=[0,0][0,0]
    WindowStateAnimator{5021dea com.android.systemui.ImageWallpaper}:
      mAnimating=false mLocalAnimating=false mAnimationIsEntrance=true mAnimation=null
      mSurface=Surface(name=com.android.systemui.ImageWallpaper)
      mDrawState=HAS_DRAWN mLastHidden=false
      Surface: shown=true layer=21000 alpha=1.0 rect=(0.0,0.0) 1634.0 x 2560.0
    mLastFreezeDuration=+6m5s893ms
    mWallpaperX=0.0 mWallpaperY=0.5
    mWallpaperXStep=0.33333334 mWallpaperYStep=1.0

  mCurConfiguration={1.0 222mcc10mnc en_US ldltr sw411dp w411dp h659dp 560dpi nrml port finger -keyb/v/h -nav/h s.33}
  mHasPermanentDpad=false
  mCurrentFocus=Window{594aa27 u0 com.google.android.googlequicksearchbox/com.google.android.launcher.GEL}
  mFocusedApp=null
  mInputMethodTarget=Window{df43826 u0 com.android.chrome/com.google.android.apps.chrome.Main}
  mInTouchMode=true mLayoutSeq=9521
  mLastDisplayFreezeDuration=+180ms due to Window{c7d2ed8 u0 NavigationBar}
  mSystemDecorLayer=161000 mScreenRect=[0,0][1440,2560]
  mLastStatusBarVisibility=0x8700
  mWallpaperTarget=Window{594aa27 u0 com.google.android.googlequicksearchbox/com.google.android.launcher.GEL}
  mLastWallpaperX=0.0 mLastWallpaperY=0.5
  mSystemBooted=true mDisplayEnabled=true
  mTransactionSequence=12991
  mDisplayFrozen=false windows=0 client=false apps=0 waitingForConfig=false
  mRotation=0 mAltOrientation=false
  mLastWindowForcedOrientation=-1 mForcedAppOrientation=5
  mDeferredRotationPauseCount=0
  Animation settings: disabled=false window=1.0 transition=1.0 animator=1.0
  mTraversalScheduled=false
 mSkipAppTransitionAnimation=false
  mLayoutToAnim:
    mNextAppTransition=TRANSIT_UNSET
    mAppTransitionState=APP_STATE_IDLE

2018-10-15 17:31:46,630:DEBUG:Device:Current activity: com.google.android.googlequicksearchbox
2018-10-15 17:31:46,667:DEBUG:ExperimentRunner.Adb:KYVKK16119600056: "getprop ro.build.version.release" returned: 
6.0.1

2018-10-15 17:31:46,671:DEBUG:ExperimentRunner.Adb:KYVKK16119600056: "dumpsys meminfo | grep Used" returned: 
 Used RAM: 1207663 kB (1012055 used pss + 195608 kernel)

2018-10-15 17:31:46,707:DEBUG:ExperimentRunner.Adb:KYVKK16119600056: "getprop ro.build.version.sdk" returned: 
23

2018-10-15 17:31:46,707:DEBUG:Scripts:Running hook before_close on device nexus6p (KYVKK16119600056, Android 6.0.1, API level 23)
args: (u'KYVKK16119600056', 'com.google.android.googlequicksearchbox')
kwargs: {}
2018-10-15 17:31:46,716:INFO:Python2:before_close.py
2018-10-15 17:31:46,718:DEBUG:Python2:before_close.py returned None
2018-10-15 17:31:46,720:INFO:Chrome:KYVKK16119600056: Stop
2018-10-15 17:31:47,525:DEBUG:ExperimentRunner.Adb:KYVKK16119600056: "am force-stop com.android.chrome" returned: 

2018-10-15 17:31:48,179:INFO:ExperimentRunner.Adb:KYVKK16119600056: Data of "com.android.chrome" cleared
2018-10-15 17:31:51,245:DEBUG:ExperimentRunner.Adb:KYVKK16119600056: "getprop ro.build.version.release" returned: 
6.0.1

2018-10-15 17:31:51,295:DEBUG:ExperimentRunner.Adb:KYVKK16119600056: "getprop ro.build.version.sdk" returned: 
23

2018-10-15 17:31:51,296:DEBUG:Scripts:Running hook after_run on device nexus6p (KYVKK16119600056, Android 6.0.1, API level 23)
args: ()
kwargs: {}
2018-10-15 17:31:51,304:INFO:Python2:after_run.py
2018-10-15 17:31:51,306:DEBUG:Python2:after_run.py returned None
2018-10-15 17:31:51,308:INFO:Profilers:Collecting results
2018-10-15 17:31:51,365:DEBUG:ExperimentRunner.Adb:KYVKK16119600056: "getprop ro.build.version.release" returned: 
6.0.1

2018-10-15 17:31:51,415:DEBUG:ExperimentRunner.Adb:KYVKK16119600056: "getprop ro.build.version.sdk" returned: 
23

2018-10-15 17:31:51,461:DEBUG:ExperimentRunner.Adb:KYVKK16119600056: "getprop ro.build.version.release" returned: 
6.0.1

2018-10-15 17:31:51,502:DEBUG:ExperimentRunner.Adb:KYVKK16119600056: "getprop ro.build.version.sdk" returned: 
23

2018-10-15 17:31:51,503:DEBUG:Android:nexus6p (KYVKK16119600056, Android 6.0.1, API level 23): Collecting data
2018-10-15 17:31:51,556:DEBUG:ExperimentRunner.Adb:KYVKK16119600056: "getprop ro.build.version.release" returned: 
6.0.1

2018-10-15 17:31:51,596:DEBUG:ExperimentRunner.Adb:KYVKK16119600056: "getprop ro.build.version.sdk" returned: 
23

2018-10-15 17:31:51,635:DEBUG:ExperimentRunner.Adb:KYVKK16119600056: "getprop ro.build.version.release" returned: 
6.0.1

2018-10-15 17:31:51,673:DEBUG:ExperimentRunner.Adb:KYVKK16119600056: "getprop ro.build.version.sdk" returned: 
23

2018-10-15 17:31:51,674:DEBUG:Trepn:nexus6p (KYVKK16119600056, Android 6.0.1, API level 23): Collecting data
2018-10-15 17:31:51,729:DEBUG:ExperimentRunner.Adb:KYVKK16119600056: "ls /sdcard/trepn/ | grep "\.db"" returned: 
Trepn_2018.10.12_173303.db
Trepn_2018.10.14_153253.db
Trepn_2018.10.14_153450.db
Trepn_2018.10.14_154951.db
Trepn_2018.10.14_155531.db
Trepn_2018.10.14_161250.db
Trepn_2018.10.15_150414.db
Trepn_2018.10.15_155053.db
Trepn_2018.10.15_155421.db
Trepn_2018.10.15_155743.db
Trepn_2018.10.15_161142.db
Trepn_2018.10.15_173012.db

2018-10-15 17:31:52,518:DEBUG:ExperimentRunner.Adb:KYVKK16119600056: "am broadcast -a com.quicinc.trepn.export_to_csv -e com.quicinc.trepn.export_db_input_file "Trepn_2018.10.15_173012.db" -e com.quicinc.trepn.export_csv_output_file "KYVKK16119600056_Trepn_2018.10.15_173012.csv"" returned: 
Broadcasting: Intent { act=com.quicinc.trepn.export_to_csv (has extras) }
Broadcast completed: result=0

2018-10-15 17:31:54,720:DEBUG:ExperimentRunner.Adb:KYVKK16119600056: "rm /sdcard/trepn/Trepn_2018.10.15_173012.db" returned: 

2018-10-15 17:31:54,769:DEBUG:ExperimentRunner.Adb:KYVKK16119600056: "rm /sdcard/trepn/KYVKK16119600056_Trepn_2018.10.15_173012.csv" returned: 

2018-10-15 17:31:54,769:DEBUG:WebExperiment:Sleeping for 100 milliseconds
2018-10-15 17:31:54,872:INFO:WebExperiment:Experiment completed, start cleanup
2018-10-15 17:31:54,943:DEBUG:ExperimentRunner.Adb:KYVKK16119600056: "getprop ro.build.version.release" returned: 
6.0.1

2018-10-15 17:31:54,991:DEBUG:ExperimentRunner.Adb:KYVKK16119600056: "getprop ro.build.version.sdk" returned: 
23

2018-10-15 17:31:54,991:DEBUG:Scripts:Running hook after_experiment on device nexus6p (KYVKK16119600056, Android 6.0.1, API level 23)
args: ()
kwargs: {}
2018-10-15 17:31:55,000:INFO:Python2:after_experiment.py
2018-10-15 17:31:55,002:DEBUG:Python2:after_experiment.py returned None
2018-10-15 17:31:55,061:DEBUG:ExperimentRunner.Adb:KYVKK16119600056: "getprop ro.build.version.sdk" returned: 
23

2018-10-15 17:31:55,131:DEBUG:ExperimentRunner.Adb:KYVKK16119600056: "dumpsys battery reset" returned: 

2018-10-15 17:31:55,132:INFO:Profilers:Stop profiling
2018-10-15 17:31:55,173:DEBUG:ExperimentRunner.Adb:KYVKK16119600056: "getprop ro.build.version.release" returned: 
6.0.1

2018-10-15 17:31:55,210:DEBUG:ExperimentRunner.Adb:KYVKK16119600056: "getprop ro.build.version.sdk" returned: 
23

2018-10-15 17:31:55,242:DEBUG:ExperimentRunner.Adb:KYVKK16119600056: "getprop ro.build.version.release" returned: 
6.0.1

2018-10-15 17:31:55,272:DEBUG:ExperimentRunner.Adb:KYVKK16119600056: "getprop ro.build.version.sdk" returned: 
23

2018-10-15 17:31:55,272:DEBUG:Android:nexus6p (KYVKK16119600056, Android 6.0.1, API level 23): Stop profiling
2018-10-15 17:31:55,306:DEBUG:ExperimentRunner.Adb:KYVKK16119600056: "getprop ro.build.version.release" returned: 
6.0.1

2018-10-15 17:31:55,337:DEBUG:ExperimentRunner.Adb:KYVKK16119600056: "getprop ro.build.version.sdk" returned: 
23

2018-10-15 17:31:55,370:DEBUG:ExperimentRunner.Adb:KYVKK16119600056: "getprop ro.build.version.release" returned: 
6.0.1

2018-10-15 17:31:55,399:DEBUG:ExperimentRunner.Adb:KYVKK16119600056: "getprop ro.build.version.sdk" returned: 
23

2018-10-15 17:31:55,400:DEBUG:Trepn:nexus6p (KYVKK16119600056, Android 6.0.1, API level 23): Stop profiling
2018-10-15 17:31:56,015:DEBUG:ExperimentRunner.Adb:KYVKK16119600056: "am broadcast -a com.quicinc.trepn.stop_profiling" returned: 
Broadcasting: Intent { act=com.quicinc.trepn.stop_profiling }
Broadcast completed: result=0

2018-10-15 17:31:56,016:INFO:Profilers:Unloading
2018-10-15 17:31:56,062:DEBUG:ExperimentRunner.Adb:KYVKK16119600056: "getprop ro.build.version.release" returned: 
6.0.1

2018-10-15 17:31:56,102:DEBUG:ExperimentRunner.Adb:KYVKK16119600056: "getprop ro.build.version.sdk" returned: 
23

2018-10-15 17:31:56,141:DEBUG:ExperimentRunner.Adb:KYVKK16119600056: "getprop ro.build.version.release" returned: 
6.0.1

2018-10-15 17:31:56,181:DEBUG:ExperimentRunner.Adb:KYVKK16119600056: "getprop ro.build.version.sdk" returned: 
23

2018-10-15 17:31:56,182:DEBUG:Android:nexus6p (KYVKK16119600056, Android 6.0.1, API level 23): Cleanup
2018-10-15 17:31:56,220:DEBUG:ExperimentRunner.Adb:KYVKK16119600056: "getprop ro.build.version.release" returned: 
6.0.1

2018-10-15 17:31:56,258:DEBUG:ExperimentRunner.Adb:KYVKK16119600056: "getprop ro.build.version.sdk" returned: 
23

2018-10-15 17:31:56,296:DEBUG:ExperimentRunner.Adb:KYVKK16119600056: "getprop ro.build.version.release" returned: 
6.0.1

2018-10-15 17:31:56,334:DEBUG:ExperimentRunner.Adb:KYVKK16119600056: "getprop ro.build.version.sdk" returned: 
23

2018-10-15 17:31:56,335:DEBUG:Trepn:nexus6p (KYVKK16119600056, Android 6.0.1, API level 23): Cleanup
2018-10-15 17:31:57,033:DEBUG:ExperimentRunner.Adb:KYVKK16119600056: "am stopservice com.quicinc.trepn/.TrepnService" returned: 
Stopping service: Intent { act=android.intent.action.MAIN cat=[android.intent.category.LAUNCHER] cmp=com.quicinc.trepn/.TrepnService }
Service stopped

2018-10-15 17:31:57,097:DEBUG:ExperimentRunner.Adb:KYVKK16119600056: "rm -r /sdcard/trepn/saved_preferences/trepn.pref" returned: 

2018-10-15 17:31:57,098:INFO:Chrome:KYVKK16119600056: Stop
2018-10-15 17:31:57,815:DEBUG:ExperimentRunner.Adb:KYVKK16119600056: "am force-stop com.android.chrome" returned: 

2018-10-15 17:31:58,392:INFO:ExperimentRunner.Adb:KYVKK16119600056: Data of "com.android.chrome" cleared
2018-10-15 17:31:58,393:DEBUG:Scripts:Running hook aggregation on device None
args: ('/Users/Luca/Documents/Universita\xcc\x80/Magistrale/Secondo_anno/Green_Lab/android-runner/example/web/output/2018.10.15_172950/',)
kwargs: {}
2018-10-15 17:31:58,402:INFO:Python2:aggregation.py
2018-10-15 17:31:58,416:DEBUG:Python2:aggregation.py returned None
